#-----------------------------------------------------------
# Webtalk v2018.3 (64-bit)
# SW Build 2405991 on Thu Dec  6 23:36:41 MST 2018
# 
# Start of session at: Fri Mar 13 16:20:42 2026
# Process ID: 37466
# Current directory: /home/vlsiuser/phase2/week12/week12.sdk/webtalk
# Command line: wbtcv -mode batch -source sdk_webtalk.tcl
# Log file: /home/vlsiuser/phase2/week12/week12.sdk/webtalk/webtalk.log
# Journal file: /home/vlsiuser/phase2/week12/week12.sdk/webtalk/webtalk.jou
#-----------------------------------------------------------
source sdk_webtalk.tcl
# webtalk_init -webtalk_dir /home/vlsiuser/phase2/week12/week12.sdk/webtalk
# webtalk_register_client -client project
# webtalk_add_data -client project -key date_generated -value "2026-03-13 16:20:42" -context "software_version_and_target_device"
# webtalk_add_data -client project -key product_version -value "SDK v2018.3" -context "software_version_and_target_device"
# webtalk_add_data -client project -key build_version -value "2018.3" -context "software_version_and_target_device"
# webtalk_add_data -client project -key os_platform -value "amd64" -context "software_version_and_target_device"
# webtalk_add_data -client project -key registration_id -value "212948975_1777583083_210785928_726" -context "software_version_and_target_device"
# webtalk_add_data -client project -key tool_flow -value "SDK" -context "software_version_and_target_device"
# webtalk_add_data -client project -key beta -value "false" -context "software_version_and_target_device"
# webtalk_add_data -client project -key route_design -value "NA" -context "software_version_and_target_device"
# webtalk_add_data -client project -key target_family -value "NA" -context "software_version_and_target_device"
# webtalk_add_data -client project -key target_device -value "NA" -context "software_version_and_target_device"
# webtalk_add_data -client project -key target_package -value "NA" -context "software_version_and_target_device"
# webtalk_add_data -client project -key target_speed -value "NA" -context "software_version_and_target_device"
# webtalk_add_data -client project -key random_id -value "uqemc3rpe48u1elppi51290j0" -context "software_version_and_target_device"
# webtalk_add_data -client project -key project_id -value "2018.3_20" -context "software_version_and_target_device"
# webtalk_add_data -client project -key project_iteration -value "20" -context "software_version_and_target_device"
# webtalk_add_data -client project -key os_name -value "RedHatEnterprise" -context "user_environment"
# webtalk_add_data -client project -key os_release -value "Red Hat Enterprise Linux release 8.10 (Ootpa)" -context "user_environment"
# webtalk_add_data -client project -key cpu_name -value "13th Gen Intel(R) Core(TM) i7-13700" -context "user_environment"
# webtalk_add_data -client project -key cpu_speed -value "2100.000 MHz" -context "user_environment"
# webtalk_add_data -client project -key total_processors -value "1" -context "user_environment"
# webtalk_add_data -client project -key system_ram -value "33.037 GB" -context "user_environment"
# webtalk_register_client -client sdk
# webtalk_add_data -client sdk -key uid -value "1773375720000" -context "sdk\\\\bsp/1773375720000"
# webtalk_add_data -client sdk -key hwid -value "1771826979000" -context "sdk\\\\bsp/1773375720000"
# webtalk_add_data -client sdk -key os -value "standalone" -context "sdk\\\\bsp/1773375720000"
# webtalk_add_data -client sdk -key apptemplate -value "empty_application" -context "sdk\\\\bsp/1773375720000"
# webtalk_add_data -client sdk -key RecordType -value "BSPCreation" -context "sdk\\\\bsp/1773375720000"
# webtalk_add_data -client sdk -key uid -value "1773375721000" -context "sdk\\\\application/1773375721000"
# webtalk_add_data -client sdk -key hwid -value "1771826979000" -context "sdk\\\\application/1773375721000"
# webtalk_add_data -client sdk -key bspid -value "1773375720000" -context "sdk\\\\application/1773375721000"
# webtalk_add_data -client sdk -key newbsp -value "true" -context "sdk\\\\application/1773375721000"
# webtalk_add_data -client sdk -key os -value "standalone" -context "sdk\\\\application/1773375721000"
# webtalk_add_data -client sdk -key apptemplate -value "empty_application" -context "sdk\\\\application/1773375721000"
# webtalk_add_data -client sdk -key RecordType -value "APPCreation" -context "sdk\\\\application/1773375721000"
# webtalk_add_data -client sdk -key LangUsed -value "C" -context "sdk\\\\application/1773375721000"
# webtalk_add_data -client sdk -key Procused -value "microblaze" -context "sdk\\\\application/1773375721000"
# webtalk_add_data -client sdk -key projSize -value "88.58203125" -context "sdk\\\\application/1773375721000"
# webtalk_add_data -client sdk -key uid -value "NA" -context "sdk\\\\bsp/1773399042386"
# webtalk_add_data -client sdk -key RecordType -value "ToolUsage" -context "sdk\\\\bsp/1773399042386"
# webtalk_add_data -client sdk -key BootgenCount -value "0" -context "sdk\\\\bsp/1773399042386"
# webtalk_add_data -client sdk -key DebugCount -value "9" -context "sdk\\\\bsp/1773399042386"
# webtalk_add_data -client sdk -key PerfCount -value "0" -context "sdk\\\\bsp/1773399042386"
# webtalk_add_data -client sdk -key FlashCount -value "0" -context "sdk\\\\bsp/1773399042386"
# webtalk_add_data -client sdk -key CrossTriggCount -value "0" -context "sdk\\\\bsp/1773399042386"
# webtalk_add_data -client sdk -key QemuDebugCount -value "0" -context "sdk\\\\bsp/1773399042386"
# webtalk_transmit -clientid 3479521366 -regid "212948975_1777583083_210785928_726" -xml /home/vlsiuser/phase2/week12/week12.sdk/webtalk/usage_statistics_ext_sdk.xml -html /home/vlsiuser/phase2/week12/week12.sdk/webtalk/usage_statistics_ext_sdk.html -wdm /home/vlsiuser/phase2/week12/week12.sdk/webtalk/sdk_webtalk.wdm -intro "<H3>SDK Usage Report</H3><BR>"
# webtalk_terminate
INFO: [Common 17-206] Exiting Webtalk at Fri Mar 13 16:20:42 2026...
