
*** Running vivado
    with args -log hw_block_ddr_wrapper.vds -m64 -product Vivado -mode batch -messageDb vivado.pb -notrace -source hw_block_ddr_wrapper.tcl


****** Vivado v2018.3 (64-bit)
  **** SW Build 2405991 on Thu Dec  6 23:36:41 MST 2018
  **** IP Build 2404404 on Fri Dec  7 01:43:56 MST 2018
    ** Copyright 1986-2018 Xilinx, Inc. All Rights Reserved.

source hw_block_ddr_wrapper.tcl -notrace
INFO: [IP_Flow 19-234] Refreshing IP repositories
INFO: [IP_Flow 19-1700] Loaded user IP repository '/home/vlsiuser/phase2/week11/reg_ip/ip_repo'.
INFO: [IP_Flow 19-2313] Loaded Vivado IP repository '/home/vlsiuser/SMDP/Xilinx/Vivado/2018.3/data/ip'.
Command: synth_design -top hw_block_ddr_wrapper -part xc7a100tcsg324-1
Starting synth_design
Attempting to get a license for feature 'Synthesis' and/or device 'xc7a100t'
INFO: [Common 17-349] Got license for feature 'Synthesis' and/or device 'xc7a100t'
INFO: Launching helper process for spawning children vivado processes
INFO: Helper process launched with PID 78542 
---------------------------------------------------------------------------------
Starting RTL Elaboration : Time (s): cpu = 00:00:00.70 ; elapsed = 00:00:00.87 . Memory (MB): peak = 1709.555 ; gain = 84.867 ; free physical = 17875 ; free virtual = 38860
---------------------------------------------------------------------------------
INFO: [Synth 8-6157] synthesizing module 'hw_block_ddr_wrapper' [/home/vlsiuser/phase2/week12/week12.srcs/sources_1/bd/hw_block_ddr/hdl/hw_block_ddr_wrapper.v:12]
INFO: [Synth 8-6157] synthesizing module 'hw_block_ddr' [/home/vlsiuser/phase2/week12/week12.srcs/sources_1/bd/hw_block_ddr/synth/hw_block_ddr.v:13]
INFO: [Synth 8-6157] synthesizing module 'hw_block_ddr_axi_uartlite_0_0' [/home/vlsiuser/phase2/week12/week12.runs/synth_1/.Xil/Vivado-78530-psgvlsi-23.psgtech.ac.in/realtime/hw_block_ddr_axi_uartlite_0_0_stub.v:6]
INFO: [Synth 8-6155] done synthesizing module 'hw_block_ddr_axi_uartlite_0_0' (1#1) [/home/vlsiuser/phase2/week12/week12.runs/synth_1/.Xil/Vivado-78530-psgvlsi-23.psgtech.ac.in/realtime/hw_block_ddr_axi_uartlite_0_0_stub.v:6]
INFO: [Synth 8-6157] synthesizing module 'hw_block_ddr_clk_wiz_1_0' [/home/vlsiuser/phase2/week12/week12.runs/synth_1/.Xil/Vivado-78530-psgvlsi-23.psgtech.ac.in/realtime/hw_block_ddr_clk_wiz_1_0_stub.v:5]
INFO: [Synth 8-6155] done synthesizing module 'hw_block_ddr_clk_wiz_1_0' (2#1) [/home/vlsiuser/phase2/week12/week12.runs/synth_1/.Xil/Vivado-78530-psgvlsi-23.psgtech.ac.in/realtime/hw_block_ddr_clk_wiz_1_0_stub.v:5]
INFO: [Synth 8-6157] synthesizing module 'hw_block_ddr_mdm_1_0' [/home/vlsiuser/phase2/week12/week12.runs/synth_1/.Xil/Vivado-78530-psgvlsi-23.psgtech.ac.in/realtime/hw_block_ddr_mdm_1_0_stub.v:6]
INFO: [Synth 8-6155] done synthesizing module 'hw_block_ddr_mdm_1_0' (3#1) [/home/vlsiuser/phase2/week12/week12.runs/synth_1/.Xil/Vivado-78530-psgvlsi-23.psgtech.ac.in/realtime/hw_block_ddr_mdm_1_0_stub.v:6]
INFO: [Synth 8-6157] synthesizing module 'hw_block_ddr_microblaze_0_0' [/home/vlsiuser/phase2/week12/week12.runs/synth_1/.Xil/Vivado-78530-psgvlsi-23.psgtech.ac.in/realtime/hw_block_ddr_microblaze_0_0_stub.v:6]
INFO: [Synth 8-6155] done synthesizing module 'hw_block_ddr_microblaze_0_0' (4#1) [/home/vlsiuser/phase2/week12/week12.runs/synth_1/.Xil/Vivado-78530-psgvlsi-23.psgtech.ac.in/realtime/hw_block_ddr_microblaze_0_0_stub.v:6]
INFO: [Synth 8-6157] synthesizing module 'hw_block_ddr_microblaze_0_axi_intc_0' [/home/vlsiuser/phase2/week12/week12.runs/synth_1/.Xil/Vivado-78530-psgvlsi-23.psgtech.ac.in/realtime/hw_block_ddr_microblaze_0_axi_intc_0_stub.v:6]
INFO: [Synth 8-6155] done synthesizing module 'hw_block_ddr_microblaze_0_axi_intc_0' (5#1) [/home/vlsiuser/phase2/week12/week12.runs/synth_1/.Xil/Vivado-78530-psgvlsi-23.psgtech.ac.in/realtime/hw_block_ddr_microblaze_0_axi_intc_0_stub.v:6]
INFO: [Synth 8-6157] synthesizing module 'hw_block_ddr_microblaze_0_axi_periph_0' [/home/vlsiuser/phase2/week12/week12.srcs/sources_1/bd/hw_block_ddr/synth/hw_block_ddr.v:594]
INFO: [Synth 8-6157] synthesizing module 'm00_couplers_imp_1S4FMZE' [/home/vlsiuser/phase2/week12/week12.srcs/sources_1/bd/hw_block_ddr/synth/hw_block_ddr.v:1428]
INFO: [Synth 8-6157] synthesizing module 'hw_block_ddr_auto_ds_0' [/home/vlsiuser/phase2/week12/week12.runs/synth_1/.Xil/Vivado-78530-psgvlsi-23.psgtech.ac.in/realtime/hw_block_ddr_auto_ds_0_stub.v:6]
INFO: [Synth 8-6155] done synthesizing module 'hw_block_ddr_auto_ds_0' (6#1) [/home/vlsiuser/phase2/week12/week12.runs/synth_1/.Xil/Vivado-78530-psgvlsi-23.psgtech.ac.in/realtime/hw_block_ddr_auto_ds_0_stub.v:6]
WARNING: [Synth 8-350] instance 'auto_ds' of module 'hw_block_ddr_auto_ds_0' requires 40 connections, but only 38 given [/home/vlsiuser/phase2/week12/week12.srcs/sources_1/bd/hw_block_ddr/synth/hw_block_ddr.v:1587]
INFO: [Synth 8-6155] done synthesizing module 'm00_couplers_imp_1S4FMZE' (7#1) [/home/vlsiuser/phase2/week12/week12.srcs/sources_1/bd/hw_block_ddr/synth/hw_block_ddr.v:1428]
INFO: [Synth 8-6157] synthesizing module 'm01_couplers_imp_1UN9UQI' [/home/vlsiuser/phase2/week12/week12.srcs/sources_1/bd/hw_block_ddr/synth/hw_block_ddr.v:1628]
INFO: [Synth 8-6157] synthesizing module 'hw_block_ddr_auto_cc_0' [/home/vlsiuser/phase2/week12/week12.runs/synth_1/.Xil/Vivado-78530-psgvlsi-23.psgtech.ac.in/realtime/hw_block_ddr_auto_cc_0_stub.v:6]
INFO: [Synth 8-6155] done synthesizing module 'hw_block_ddr_auto_cc_0' (8#1) [/home/vlsiuser/phase2/week12/week12.runs/synth_1/.Xil/Vivado-78530-psgvlsi-23.psgtech.ac.in/realtime/hw_block_ddr_auto_cc_0_stub.v:6]
INFO: [Synth 8-6157] synthesizing module 'hw_block_ddr_auto_pc_0' [/home/vlsiuser/phase2/week12/week12.runs/synth_1/.Xil/Vivado-78530-psgvlsi-23.psgtech.ac.in/realtime/hw_block_ddr_auto_pc_0_stub.v:6]
INFO: [Synth 8-6155] done synthesizing module 'hw_block_ddr_auto_pc_0' (9#1) [/home/vlsiuser/phase2/week12/week12.runs/synth_1/.Xil/Vivado-78530-psgvlsi-23.psgtech.ac.in/realtime/hw_block_ddr_auto_pc_0_stub.v:6]
WARNING: [Synth 8-350] instance 'auto_pc' of module 'hw_block_ddr_auto_pc_0' requires 56 connections, but only 54 given [/home/vlsiuser/phase2/week12/week12.srcs/sources_1/bd/hw_block_ddr/synth/hw_block_ddr.v:1917]
INFO: [Synth 8-6155] done synthesizing module 'm01_couplers_imp_1UN9UQI' (10#1) [/home/vlsiuser/phase2/week12/week12.srcs/sources_1/bd/hw_block_ddr/synth/hw_block_ddr.v:1628]
INFO: [Synth 8-6157] synthesizing module 'm02_couplers_imp_1JUMXZU' [/home/vlsiuser/phase2/week12/week12.srcs/sources_1/bd/hw_block_ddr/synth/hw_block_ddr.v:1974]
INFO: [Synth 8-6157] synthesizing module 'hw_block_ddr_auto_ds_1' [/home/vlsiuser/phase2/week12/week12.runs/synth_1/.Xil/Vivado-78530-psgvlsi-23.psgtech.ac.in/realtime/hw_block_ddr_auto_ds_1_stub.v:6]
INFO: [Synth 8-6155] done synthesizing module 'hw_block_ddr_auto_ds_1' (11#1) [/home/vlsiuser/phase2/week12/week12.runs/synth_1/.Xil/Vivado-78530-psgvlsi-23.psgtech.ac.in/realtime/hw_block_ddr_auto_ds_1_stub.v:6]
INFO: [Synth 8-6155] done synthesizing module 'm02_couplers_imp_1JUMXZU' (12#1) [/home/vlsiuser/phase2/week12/week12.srcs/sources_1/bd/hw_block_ddr/synth/hw_block_ddr.v:1974]
INFO: [Synth 8-6157] synthesizing module 'm03_couplers_imp_1PPBKUY' [/home/vlsiuser/phase2/week12/week12.srcs/sources_1/bd/hw_block_ddr/synth/hw_block_ddr.v:2184]
INFO: [Synth 8-6157] synthesizing module 'hw_block_ddr_auto_ds_2' [/home/vlsiuser/phase2/week12/week12.runs/synth_1/.Xil/Vivado-78530-psgvlsi-23.psgtech.ac.in/realtime/hw_block_ddr_auto_ds_2_stub.v:6]
INFO: [Synth 8-6155] done synthesizing module 'hw_block_ddr_auto_ds_2' (13#1) [/home/vlsiuser/phase2/week12/week12.runs/synth_1/.Xil/Vivado-78530-psgvlsi-23.psgtech.ac.in/realtime/hw_block_ddr_auto_ds_2_stub.v:6]
WARNING: [Synth 8-350] instance 'auto_ds' of module 'hw_block_ddr_auto_ds_2' requires 40 connections, but only 38 given [/home/vlsiuser/phase2/week12/week12.srcs/sources_1/bd/hw_block_ddr/synth/hw_block_ddr.v:2343]
INFO: [Synth 8-6155] done synthesizing module 'm03_couplers_imp_1PPBKUY' (14#1) [/home/vlsiuser/phase2/week12/week12.srcs/sources_1/bd/hw_block_ddr/synth/hw_block_ddr.v:2184]
INFO: [Synth 8-6157] synthesizing module 's00_couplers_imp_1XFQSW9' [/home/vlsiuser/phase2/week12/week12.srcs/sources_1/bd/hw_block_ddr/synth/hw_block_ddr.v:2618]
INFO: [Synth 8-6157] synthesizing module 'hw_block_ddr_auto_us_0' [/home/vlsiuser/phase2/week12/week12.runs/synth_1/.Xil/Vivado-78530-psgvlsi-23.psgtech.ac.in/realtime/hw_block_ddr_auto_us_0_stub.v:6]
INFO: [Synth 8-6155] done synthesizing module 'hw_block_ddr_auto_us_0' (15#1) [/home/vlsiuser/phase2/week12/week12.runs/synth_1/.Xil/Vivado-78530-psgvlsi-23.psgtech.ac.in/realtime/hw_block_ddr_auto_us_0_stub.v:6]
INFO: [Synth 8-6155] done synthesizing module 's00_couplers_imp_1XFQSW9' (16#1) [/home/vlsiuser/phase2/week12/week12.srcs/sources_1/bd/hw_block_ddr/synth/hw_block_ddr.v:2618]
INFO: [Synth 8-6157] synthesizing module 'hw_block_ddr_xbar_0' [/home/vlsiuser/phase2/week12/week12.runs/synth_1/.Xil/Vivado-78530-psgvlsi-23.psgtech.ac.in/realtime/hw_block_ddr_xbar_0_stub.v:6]
INFO: [Synth 8-6155] done synthesizing module 'hw_block_ddr_xbar_0' (17#1) [/home/vlsiuser/phase2/week12/week12.runs/synth_1/.Xil/Vivado-78530-psgvlsi-23.psgtech.ac.in/realtime/hw_block_ddr_xbar_0_stub.v:6]
INFO: [Synth 8-6155] done synthesizing module 'hw_block_ddr_microblaze_0_axi_periph_0' (18#1) [/home/vlsiuser/phase2/week12/week12.srcs/sources_1/bd/hw_block_ddr/synth/hw_block_ddr.v:594]
INFO: [Synth 8-6157] synthesizing module 'microblaze_0_local_memory_imp_65KL11' [/home/vlsiuser/phase2/week12/week12.srcs/sources_1/bd/hw_block_ddr/synth/hw_block_ddr.v:2384]
INFO: [Synth 8-6157] synthesizing module 'hw_block_ddr_dlmb_bram_if_cntlr_0' [/home/vlsiuser/phase2/week12/week12.runs/synth_1/.Xil/Vivado-78530-psgvlsi-23.psgtech.ac.in/realtime/hw_block_ddr_dlmb_bram_if_cntlr_0_stub.v:6]
INFO: [Synth 8-6155] done synthesizing module 'hw_block_ddr_dlmb_bram_if_cntlr_0' (19#1) [/home/vlsiuser/phase2/week12/week12.runs/synth_1/.Xil/Vivado-78530-psgvlsi-23.psgtech.ac.in/realtime/hw_block_ddr_dlmb_bram_if_cntlr_0_stub.v:6]
INFO: [Synth 8-6157] synthesizing module 'hw_block_ddr_dlmb_v10_0' [/home/vlsiuser/phase2/week12/week12.runs/synth_1/.Xil/Vivado-78530-psgvlsi-23.psgtech.ac.in/realtime/hw_block_ddr_dlmb_v10_0_stub.v:6]
INFO: [Synth 8-6155] done synthesizing module 'hw_block_ddr_dlmb_v10_0' (20#1) [/home/vlsiuser/phase2/week12/week12.runs/synth_1/.Xil/Vivado-78530-psgvlsi-23.psgtech.ac.in/realtime/hw_block_ddr_dlmb_v10_0_stub.v:6]
WARNING: [Synth 8-350] instance 'dlmb_v10' of module 'hw_block_ddr_dlmb_v10_0' requires 25 connections, but only 24 given [/home/vlsiuser/phase2/week12/week12.srcs/sources_1/bd/hw_block_ddr/synth/hw_block_ddr.v:2530]
INFO: [Synth 8-6157] synthesizing module 'hw_block_ddr_ilmb_bram_if_cntlr_0' [/home/vlsiuser/phase2/week12/week12.runs/synth_1/.Xil/Vivado-78530-psgvlsi-23.psgtech.ac.in/realtime/hw_block_ddr_ilmb_bram_if_cntlr_0_stub.v:6]
INFO: [Synth 8-6155] done synthesizing module 'hw_block_ddr_ilmb_bram_if_cntlr_0' (21#1) [/home/vlsiuser/phase2/week12/week12.runs/synth_1/.Xil/Vivado-78530-psgvlsi-23.psgtech.ac.in/realtime/hw_block_ddr_ilmb_bram_if_cntlr_0_stub.v:6]
INFO: [Synth 8-6157] synthesizing module 'hw_block_ddr_ilmb_v10_0' [/home/vlsiuser/phase2/week12/week12.runs/synth_1/.Xil/Vivado-78530-psgvlsi-23.psgtech.ac.in/realtime/hw_block_ddr_ilmb_v10_0_stub.v:6]
INFO: [Synth 8-6155] done synthesizing module 'hw_block_ddr_ilmb_v10_0' (22#1) [/home/vlsiuser/phase2/week12/week12.runs/synth_1/.Xil/Vivado-78530-psgvlsi-23.psgtech.ac.in/realtime/hw_block_ddr_ilmb_v10_0_stub.v:6]
WARNING: [Synth 8-350] instance 'ilmb_v10' of module 'hw_block_ddr_ilmb_v10_0' requires 25 connections, but only 24 given [/home/vlsiuser/phase2/week12/week12.srcs/sources_1/bd/hw_block_ddr/synth/hw_block_ddr.v:2576]
INFO: [Synth 8-6157] synthesizing module 'hw_block_ddr_lmb_bram_0' [/home/vlsiuser/phase2/week12/week12.runs/synth_1/.Xil/Vivado-78530-psgvlsi-23.psgtech.ac.in/realtime/hw_block_ddr_lmb_bram_0_stub.v:6]
INFO: [Synth 8-6155] done synthesizing module 'hw_block_ddr_lmb_bram_0' (23#1) [/home/vlsiuser/phase2/week12/week12.runs/synth_1/.Xil/Vivado-78530-psgvlsi-23.psgtech.ac.in/realtime/hw_block_ddr_lmb_bram_0_stub.v:6]
WARNING: [Synth 8-350] instance 'lmb_bram' of module 'hw_block_ddr_lmb_bram_0' requires 16 connections, but only 14 given [/home/vlsiuser/phase2/week12/week12.srcs/sources_1/bd/hw_block_ddr/synth/hw_block_ddr.v:2601]
INFO: [Synth 8-6155] done synthesizing module 'microblaze_0_local_memory_imp_65KL11' (24#1) [/home/vlsiuser/phase2/week12/week12.srcs/sources_1/bd/hw_block_ddr/synth/hw_block_ddr.v:2384]
INFO: [Synth 8-6157] synthesizing module 'hw_block_ddr_microblaze_0_xlconcat_0' [/home/vlsiuser/phase2/week12/week12.srcs/sources_1/bd/hw_block_ddr/ip/hw_block_ddr_microblaze_0_xlconcat_0/synth/hw_block_ddr_microblaze_0_xlconcat_0.v:58]
INFO: [Synth 8-6157] synthesizing module 'xlconcat_v2_1_1_xlconcat' [/home/vlsiuser/phase2/week12/week12.srcs/sources_1/bd/hw_block_ddr/ipshared/2f66/hdl/xlconcat_v2_1_vl_rfs.v:14]
	Parameter IN0_WIDTH bound to: 1 - type: integer 
	Parameter IN1_WIDTH bound to: 1 - type: integer 
	Parameter IN2_WIDTH bound to: 1 - type: integer 
	Parameter IN3_WIDTH bound to: 1 - type: integer 
	Parameter IN4_WIDTH bound to: 1 - type: integer 
	Parameter IN5_WIDTH bound to: 1 - type: integer 
	Parameter IN6_WIDTH bound to: 1 - type: integer 
	Parameter IN7_WIDTH bound to: 1 - type: integer 
	Parameter IN8_WIDTH bound to: 1 - type: integer 
	Parameter IN9_WIDTH bound to: 1 - type: integer 
	Parameter IN10_WIDTH bound to: 1 - type: integer 
	Parameter IN11_WIDTH bound to: 1 - type: integer 
	Parameter IN12_WIDTH bound to: 1 - type: integer 
	Parameter IN13_WIDTH bound to: 1 - type: integer 
	Parameter IN14_WIDTH bound to: 1 - type: integer 
	Parameter IN15_WIDTH bound to: 1 - type: integer 
	Parameter IN16_WIDTH bound to: 1 - type: integer 
	Parameter IN17_WIDTH bound to: 1 - type: integer 
	Parameter IN18_WIDTH bound to: 1 - type: integer 
	Parameter IN19_WIDTH bound to: 1 - type: integer 
	Parameter IN20_WIDTH bound to: 1 - type: integer 
	Parameter IN21_WIDTH bound to: 1 - type: integer 
	Parameter IN22_WIDTH bound to: 1 - type: integer 
	Parameter IN23_WIDTH bound to: 1 - type: integer 
	Parameter IN24_WIDTH bound to: 1 - type: integer 
	Parameter IN25_WIDTH bound to: 1 - type: integer 
	Parameter IN26_WIDTH bound to: 1 - type: integer 
	Parameter IN27_WIDTH bound to: 1 - type: integer 
	Parameter IN28_WIDTH bound to: 1 - type: integer 
	Parameter IN29_WIDTH bound to: 1 - type: integer 
	Parameter IN30_WIDTH bound to: 1 - type: integer 
	Parameter IN31_WIDTH bound to: 1 - type: integer 
	Parameter dout_width bound to: 1 - type: integer 
	Parameter NUM_PORTS bound to: 1 - type: integer 
INFO: [Synth 8-6155] done synthesizing module 'xlconcat_v2_1_1_xlconcat' (25#1) [/home/vlsiuser/phase2/week12/week12.srcs/sources_1/bd/hw_block_ddr/ipshared/2f66/hdl/xlconcat_v2_1_vl_rfs.v:14]
INFO: [Synth 8-6155] done synthesizing module 'hw_block_ddr_microblaze_0_xlconcat_0' (26#1) [/home/vlsiuser/phase2/week12/week12.srcs/sources_1/bd/hw_block_ddr/ip/hw_block_ddr_microblaze_0_xlconcat_0/synth/hw_block_ddr_microblaze_0_xlconcat_0.v:58]
INFO: [Synth 8-6157] synthesizing module 'hw_block_ddr_mig_7series_0_0' [/home/vlsiuser/phase2/week12/week12.runs/synth_1/.Xil/Vivado-78530-psgvlsi-23.psgtech.ac.in/realtime/hw_block_ddr_mig_7series_0_0_stub.v:5]
INFO: [Synth 8-6155] done synthesizing module 'hw_block_ddr_mig_7series_0_0' (27#1) [/home/vlsiuser/phase2/week12/week12.runs/synth_1/.Xil/Vivado-78530-psgvlsi-23.psgtech.ac.in/realtime/hw_block_ddr_mig_7series_0_0_stub.v:5]
WARNING: [Synth 8-350] instance 'mig_7series_0' of module 'hw_block_ddr_mig_7series_0_0' requires 66 connections, but only 55 given [/home/vlsiuser/phase2/week12/week12.srcs/sources_1/bd/hw_block_ddr/synth/hw_block_ddr.v:498]
INFO: [Synth 8-6157] synthesizing module 'hw_block_ddr_reg_32ip_0_1' [/home/vlsiuser/phase2/week12/week12.runs/synth_1/.Xil/Vivado-78530-psgvlsi-23.psgtech.ac.in/realtime/hw_block_ddr_reg_32ip_0_1_stub.v:6]
INFO: [Synth 8-6155] done synthesizing module 'hw_block_ddr_reg_32ip_0_1' (28#1) [/home/vlsiuser/phase2/week12/week12.runs/synth_1/.Xil/Vivado-78530-psgvlsi-23.psgtech.ac.in/realtime/hw_block_ddr_reg_32ip_0_1_stub.v:6]
INFO: [Synth 8-6157] synthesizing module 'hw_block_ddr_rst_clk_wiz_1_100M_0' [/home/vlsiuser/phase2/week12/week12.runs/synth_1/.Xil/Vivado-78530-psgvlsi-23.psgtech.ac.in/realtime/hw_block_ddr_rst_clk_wiz_1_100M_0_stub.v:6]
INFO: [Synth 8-6155] done synthesizing module 'hw_block_ddr_rst_clk_wiz_1_100M_0' (29#1) [/home/vlsiuser/phase2/week12/week12.runs/synth_1/.Xil/Vivado-78530-psgvlsi-23.psgtech.ac.in/realtime/hw_block_ddr_rst_clk_wiz_1_100M_0_stub.v:6]
WARNING: [Synth 8-350] instance 'rst_clk_wiz_1_100M' of module 'hw_block_ddr_rst_clk_wiz_1_100M_0' requires 10 connections, but only 8 given [/home/vlsiuser/phase2/week12/week12.srcs/sources_1/bd/hw_block_ddr/synth/hw_block_ddr.v:576]
INFO: [Synth 8-6157] synthesizing module 'hw_block_ddr_rst_mig_7series_0_81M_0' [/home/vlsiuser/phase2/week12/week12.runs/synth_1/.Xil/Vivado-78530-psgvlsi-23.psgtech.ac.in/realtime/hw_block_ddr_rst_mig_7series_0_81M_0_stub.v:6]
INFO: [Synth 8-6155] done synthesizing module 'hw_block_ddr_rst_mig_7series_0_81M_0' (30#1) [/home/vlsiuser/phase2/week12/week12.runs/synth_1/.Xil/Vivado-78530-psgvlsi-23.psgtech.ac.in/realtime/hw_block_ddr_rst_mig_7series_0_81M_0_stub.v:6]
WARNING: [Synth 8-350] instance 'rst_mig_7series_0_81M' of module 'hw_block_ddr_rst_mig_7series_0_81M_0' requires 10 connections, but only 6 given [/home/vlsiuser/phase2/week12/week12.srcs/sources_1/bd/hw_block_ddr/synth/hw_block_ddr.v:585]
INFO: [Synth 8-6155] done synthesizing module 'hw_block_ddr' (31#1) [/home/vlsiuser/phase2/week12/week12.srcs/sources_1/bd/hw_block_ddr/synth/hw_block_ddr.v:13]
INFO: [Synth 8-6155] done synthesizing module 'hw_block_ddr_wrapper' (32#1) [/home/vlsiuser/phase2/week12/week12.srcs/sources_1/bd/hw_block_ddr/hdl/hw_block_ddr_wrapper.v:12]
WARNING: [Synth 8-3331] design xlconcat_v2_1_1_xlconcat has unconnected port In1[0]
WARNING: [Synth 8-3331] design xlconcat_v2_1_1_xlconcat has unconnected port In2[0]
WARNING: [Synth 8-3331] design xlconcat_v2_1_1_xlconcat has unconnected port In3[0]
WARNING: [Synth 8-3331] design xlconcat_v2_1_1_xlconcat has unconnected port In4[0]
WARNING: [Synth 8-3331] design xlconcat_v2_1_1_xlconcat has unconnected port In5[0]
WARNING: [Synth 8-3331] design xlconcat_v2_1_1_xlconcat has unconnected port In6[0]
WARNING: [Synth 8-3331] design xlconcat_v2_1_1_xlconcat has unconnected port In7[0]
WARNING: [Synth 8-3331] design xlconcat_v2_1_1_xlconcat has unconnected port In8[0]
WARNING: [Synth 8-3331] design xlconcat_v2_1_1_xlconcat has unconnected port In9[0]
WARNING: [Synth 8-3331] design xlconcat_v2_1_1_xlconcat has unconnected port In10[0]
WARNING: [Synth 8-3331] design xlconcat_v2_1_1_xlconcat has unconnected port In11[0]
WARNING: [Synth 8-3331] design xlconcat_v2_1_1_xlconcat has unconnected port In12[0]
WARNING: [Synth 8-3331] design xlconcat_v2_1_1_xlconcat has unconnected port In13[0]
WARNING: [Synth 8-3331] design xlconcat_v2_1_1_xlconcat has unconnected port In14[0]
WARNING: [Synth 8-3331] design xlconcat_v2_1_1_xlconcat has unconnected port In15[0]
WARNING: [Synth 8-3331] design xlconcat_v2_1_1_xlconcat has unconnected port In16[0]
WARNING: [Synth 8-3331] design xlconcat_v2_1_1_xlconcat has unconnected port In17[0]
WARNING: [Synth 8-3331] design xlconcat_v2_1_1_xlconcat has unconnected port In18[0]
WARNING: [Synth 8-3331] design xlconcat_v2_1_1_xlconcat has unconnected port In19[0]
WARNING: [Synth 8-3331] design xlconcat_v2_1_1_xlconcat has unconnected port In20[0]
WARNING: [Synth 8-3331] design xlconcat_v2_1_1_xlconcat has unconnected port In21[0]
WARNING: [Synth 8-3331] design xlconcat_v2_1_1_xlconcat has unconnected port In22[0]
WARNING: [Synth 8-3331] design xlconcat_v2_1_1_xlconcat has unconnected port In23[0]
WARNING: [Synth 8-3331] design xlconcat_v2_1_1_xlconcat has unconnected port In24[0]
WARNING: [Synth 8-3331] design xlconcat_v2_1_1_xlconcat has unconnected port In25[0]
WARNING: [Synth 8-3331] design xlconcat_v2_1_1_xlconcat has unconnected port In26[0]
WARNING: [Synth 8-3331] design xlconcat_v2_1_1_xlconcat has unconnected port In27[0]
WARNING: [Synth 8-3331] design xlconcat_v2_1_1_xlconcat has unconnected port In28[0]
WARNING: [Synth 8-3331] design xlconcat_v2_1_1_xlconcat has unconnected port In29[0]
WARNING: [Synth 8-3331] design xlconcat_v2_1_1_xlconcat has unconnected port In30[0]
WARNING: [Synth 8-3331] design xlconcat_v2_1_1_xlconcat has unconnected port In31[0]
WARNING: [Synth 8-3331] design s00_couplers_imp_1XFQSW9 has unconnected port M_ACLK
WARNING: [Synth 8-3331] design s00_couplers_imp_1XFQSW9 has unconnected port M_ARESETN
WARNING: [Synth 8-3331] design m03_couplers_imp_1PPBKUY has unconnected port M_ACLK
WARNING: [Synth 8-3331] design m03_couplers_imp_1PPBKUY has unconnected port M_ARESETN
WARNING: [Synth 8-3331] design m02_couplers_imp_1JUMXZU has unconnected port M_ACLK
WARNING: [Synth 8-3331] design m02_couplers_imp_1JUMXZU has unconnected port M_ARESETN
WARNING: [Synth 8-3331] design m01_couplers_imp_1UN9UQI has unconnected port S_AXI_araddr[31]
WARNING: [Synth 8-3331] design m01_couplers_imp_1UN9UQI has unconnected port S_AXI_araddr[30]
WARNING: [Synth 8-3331] design m01_couplers_imp_1UN9UQI has unconnected port S_AXI_araddr[29]
WARNING: [Synth 8-3331] design m01_couplers_imp_1UN9UQI has unconnected port S_AXI_araddr[28]
WARNING: [Synth 8-3331] design m01_couplers_imp_1UN9UQI has unconnected port S_AXI_araddr[27]
WARNING: [Synth 8-3331] design m01_couplers_imp_1UN9UQI has unconnected port S_AXI_awaddr[31]
WARNING: [Synth 8-3331] design m01_couplers_imp_1UN9UQI has unconnected port S_AXI_awaddr[30]
WARNING: [Synth 8-3331] design m01_couplers_imp_1UN9UQI has unconnected port S_AXI_awaddr[29]
WARNING: [Synth 8-3331] design m01_couplers_imp_1UN9UQI has unconnected port S_AXI_awaddr[28]
WARNING: [Synth 8-3331] design m01_couplers_imp_1UN9UQI has unconnected port S_AXI_awaddr[27]
WARNING: [Synth 8-3331] design m00_couplers_imp_1S4FMZE has unconnected port M_ACLK
WARNING: [Synth 8-3331] design m00_couplers_imp_1S4FMZE has unconnected port M_ARESETN
---------------------------------------------------------------------------------
Finished RTL Elaboration : Time (s): cpu = 00:00:01 ; elapsed = 00:00:01 . Memory (MB): peak = 1756.305 ; gain = 131.617 ; free physical = 17882 ; free virtual = 38869
---------------------------------------------------------------------------------

Report Check Netlist: 
+------+------------------+-------+---------+-------+------------------+
|      |Item              |Errors |Warnings |Status |Description       |
+------+------------------+-------+---------+-------+------------------+
|1     |multi_driven_nets |      0|        0|Passed |Multi driven nets |
+------+------------------+-------+---------+-------+------------------+
---------------------------------------------------------------------------------
Start Handling Custom Attributes
---------------------------------------------------------------------------------
---------------------------------------------------------------------------------
Finished Handling Custom Attributes : Time (s): cpu = 00:00:01 ; elapsed = 00:00:01 . Memory (MB): peak = 1756.305 ; gain = 131.617 ; free physical = 17883 ; free virtual = 38870
---------------------------------------------------------------------------------
---------------------------------------------------------------------------------
Finished RTL Optimization Phase 1 : Time (s): cpu = 00:00:01 ; elapsed = 00:00:01 . Memory (MB): peak = 1756.305 ; gain = 131.617 ; free physical = 17883 ; free virtual = 38870
---------------------------------------------------------------------------------
INFO: [Device 21-403] Loading part xc7a100tcsg324-1
INFO: [Project 1-570] Preparing netlist for logic optimization

Processing XDC Constraints
Initializing timing engine
Parsing XDC File [/home/vlsiuser/phase2/week12/week12.srcs/sources_1/bd/hw_block_ddr/ip/hw_block_ddr_microblaze_0_0/hw_block_ddr_microblaze_0_0/hw_block_ddr_microblaze_0_0_in_context.xdc] for cell 'hw_block_ddr_i/microblaze_0'
Finished Parsing XDC File [/home/vlsiuser/phase2/week12/week12.srcs/sources_1/bd/hw_block_ddr/ip/hw_block_ddr_microblaze_0_0/hw_block_ddr_microblaze_0_0/hw_block_ddr_microblaze_0_0_in_context.xdc] for cell 'hw_block_ddr_i/microblaze_0'
Parsing XDC File [/home/vlsiuser/phase2/week12/week12.srcs/sources_1/bd/hw_block_ddr/ip/hw_block_ddr_dlmb_v10_0/hw_block_ddr_dlmb_v10_0/hw_block_ddr_dlmb_v10_0_in_context.xdc] for cell 'hw_block_ddr_i/microblaze_0_local_memory/dlmb_v10'
Finished Parsing XDC File [/home/vlsiuser/phase2/week12/week12.srcs/sources_1/bd/hw_block_ddr/ip/hw_block_ddr_dlmb_v10_0/hw_block_ddr_dlmb_v10_0/hw_block_ddr_dlmb_v10_0_in_context.xdc] for cell 'hw_block_ddr_i/microblaze_0_local_memory/dlmb_v10'
Parsing XDC File [/home/vlsiuser/phase2/week12/week12.srcs/sources_1/bd/hw_block_ddr/ip/hw_block_ddr_ilmb_v10_0/hw_block_ddr_ilmb_v10_0/hw_block_ddr_dlmb_v10_0_in_context.xdc] for cell 'hw_block_ddr_i/microblaze_0_local_memory/ilmb_v10'
Finished Parsing XDC File [/home/vlsiuser/phase2/week12/week12.srcs/sources_1/bd/hw_block_ddr/ip/hw_block_ddr_ilmb_v10_0/hw_block_ddr_ilmb_v10_0/hw_block_ddr_dlmb_v10_0_in_context.xdc] for cell 'hw_block_ddr_i/microblaze_0_local_memory/ilmb_v10'
Parsing XDC File [/home/vlsiuser/phase2/week12/week12.srcs/sources_1/bd/hw_block_ddr/ip/hw_block_ddr_dlmb_bram_if_cntlr_0/hw_block_ddr_dlmb_bram_if_cntlr_0/hw_block_ddr_dlmb_bram_if_cntlr_0_in_context.xdc] for cell 'hw_block_ddr_i/microblaze_0_local_memory/dlmb_bram_if_cntlr'
Finished Parsing XDC File [/home/vlsiuser/phase2/week12/week12.srcs/sources_1/bd/hw_block_ddr/ip/hw_block_ddr_dlmb_bram_if_cntlr_0/hw_block_ddr_dlmb_bram_if_cntlr_0/hw_block_ddr_dlmb_bram_if_cntlr_0_in_context.xdc] for cell 'hw_block_ddr_i/microblaze_0_local_memory/dlmb_bram_if_cntlr'
Parsing XDC File [/home/vlsiuser/phase2/week12/week12.srcs/sources_1/bd/hw_block_ddr/ip/hw_block_ddr_ilmb_bram_if_cntlr_0/hw_block_ddr_ilmb_bram_if_cntlr_0/hw_block_ddr_ilmb_bram_if_cntlr_0_in_context.xdc] for cell 'hw_block_ddr_i/microblaze_0_local_memory/ilmb_bram_if_cntlr'
Finished Parsing XDC File [/home/vlsiuser/phase2/week12/week12.srcs/sources_1/bd/hw_block_ddr/ip/hw_block_ddr_ilmb_bram_if_cntlr_0/hw_block_ddr_ilmb_bram_if_cntlr_0/hw_block_ddr_ilmb_bram_if_cntlr_0_in_context.xdc] for cell 'hw_block_ddr_i/microblaze_0_local_memory/ilmb_bram_if_cntlr'
Parsing XDC File [/home/vlsiuser/phase2/week12/week12.srcs/sources_1/bd/hw_block_ddr/ip/hw_block_ddr_lmb_bram_0/hw_block_ddr_lmb_bram_0/hw_block_ddr_lmb_bram_0_in_context.xdc] for cell 'hw_block_ddr_i/microblaze_0_local_memory/lmb_bram'
Finished Parsing XDC File [/home/vlsiuser/phase2/week12/week12.srcs/sources_1/bd/hw_block_ddr/ip/hw_block_ddr_lmb_bram_0/hw_block_ddr_lmb_bram_0/hw_block_ddr_lmb_bram_0_in_context.xdc] for cell 'hw_block_ddr_i/microblaze_0_local_memory/lmb_bram'
Parsing XDC File [/home/vlsiuser/phase2/week12/week12.srcs/sources_1/bd/hw_block_ddr/ip/hw_block_ddr_xbar_0/hw_block_ddr_xbar_0/hw_block_ddr_xbar_0_in_context.xdc] for cell 'hw_block_ddr_i/microblaze_0_axi_periph/xbar'
Finished Parsing XDC File [/home/vlsiuser/phase2/week12/week12.srcs/sources_1/bd/hw_block_ddr/ip/hw_block_ddr_xbar_0/hw_block_ddr_xbar_0/hw_block_ddr_xbar_0_in_context.xdc] for cell 'hw_block_ddr_i/microblaze_0_axi_periph/xbar'
Parsing XDC File [/home/vlsiuser/phase2/week12/week12.srcs/sources_1/bd/hw_block_ddr/ip/hw_block_ddr_auto_us_0/hw_block_ddr_auto_us_0/hw_block_ddr_auto_us_0_in_context.xdc] for cell 'hw_block_ddr_i/microblaze_0_axi_periph/s00_couplers/auto_us'
Finished Parsing XDC File [/home/vlsiuser/phase2/week12/week12.srcs/sources_1/bd/hw_block_ddr/ip/hw_block_ddr_auto_us_0/hw_block_ddr_auto_us_0/hw_block_ddr_auto_us_0_in_context.xdc] for cell 'hw_block_ddr_i/microblaze_0_axi_periph/s00_couplers/auto_us'
Parsing XDC File [/home/vlsiuser/phase2/week12/week12.srcs/sources_1/bd/hw_block_ddr/ip/hw_block_ddr_auto_ds_0/hw_block_ddr_auto_ds_0/hw_block_ddr_auto_ds_0_in_context.xdc] for cell 'hw_block_ddr_i/microblaze_0_axi_periph/m00_couplers/auto_ds'
Finished Parsing XDC File [/home/vlsiuser/phase2/week12/week12.srcs/sources_1/bd/hw_block_ddr/ip/hw_block_ddr_auto_ds_0/hw_block_ddr_auto_ds_0/hw_block_ddr_auto_ds_0_in_context.xdc] for cell 'hw_block_ddr_i/microblaze_0_axi_periph/m00_couplers/auto_ds'
Parsing XDC File [/home/vlsiuser/phase2/week12/week12.srcs/sources_1/bd/hw_block_ddr/ip/hw_block_ddr_auto_cc_0/hw_block_ddr_auto_cc_0/hw_block_ddr_auto_cc_0_in_context.xdc] for cell 'hw_block_ddr_i/microblaze_0_axi_periph/m01_couplers/auto_cc'
Finished Parsing XDC File [/home/vlsiuser/phase2/week12/week12.srcs/sources_1/bd/hw_block_ddr/ip/hw_block_ddr_auto_cc_0/hw_block_ddr_auto_cc_0/hw_block_ddr_auto_cc_0_in_context.xdc] for cell 'hw_block_ddr_i/microblaze_0_axi_periph/m01_couplers/auto_cc'
Parsing XDC File [/home/vlsiuser/phase2/week12/week12.srcs/sources_1/bd/hw_block_ddr/ip/hw_block_ddr_auto_pc_0/hw_block_ddr_auto_pc_0/hw_block_ddr_auto_pc_0_in_context.xdc] for cell 'hw_block_ddr_i/microblaze_0_axi_periph/m01_couplers/auto_pc'
Finished Parsing XDC File [/home/vlsiuser/phase2/week12/week12.srcs/sources_1/bd/hw_block_ddr/ip/hw_block_ddr_auto_pc_0/hw_block_ddr_auto_pc_0/hw_block_ddr_auto_pc_0_in_context.xdc] for cell 'hw_block_ddr_i/microblaze_0_axi_periph/m01_couplers/auto_pc'
Parsing XDC File [/home/vlsiuser/phase2/week12/week12.srcs/sources_1/bd/hw_block_ddr/ip/hw_block_ddr_auto_ds_1/hw_block_ddr_auto_ds_1/hw_block_ddr_auto_ds_0_in_context.xdc] for cell 'hw_block_ddr_i/microblaze_0_axi_periph/m02_couplers/auto_ds'
Finished Parsing XDC File [/home/vlsiuser/phase2/week12/week12.srcs/sources_1/bd/hw_block_ddr/ip/hw_block_ddr_auto_ds_1/hw_block_ddr_auto_ds_1/hw_block_ddr_auto_ds_0_in_context.xdc] for cell 'hw_block_ddr_i/microblaze_0_axi_periph/m02_couplers/auto_ds'
Parsing XDC File [/home/vlsiuser/phase2/week12/week12.srcs/sources_1/bd/hw_block_ddr/ip/hw_block_ddr_auto_ds_2/hw_block_ddr_auto_ds_2/hw_block_ddr_auto_ds_0_in_context.xdc] for cell 'hw_block_ddr_i/microblaze_0_axi_periph/m03_couplers/auto_ds'
Finished Parsing XDC File [/home/vlsiuser/phase2/week12/week12.srcs/sources_1/bd/hw_block_ddr/ip/hw_block_ddr_auto_ds_2/hw_block_ddr_auto_ds_2/hw_block_ddr_auto_ds_0_in_context.xdc] for cell 'hw_block_ddr_i/microblaze_0_axi_periph/m03_couplers/auto_ds'
Parsing XDC File [/home/vlsiuser/phase2/week12/week12.srcs/sources_1/bd/hw_block_ddr/ip/hw_block_ddr_microblaze_0_axi_intc_0/hw_block_ddr_microblaze_0_axi_intc_0/hw_block_ddr_microblaze_0_axi_intc_0_in_context.xdc] for cell 'hw_block_ddr_i/microblaze_0_axi_intc'
Finished Parsing XDC File [/home/vlsiuser/phase2/week12/week12.srcs/sources_1/bd/hw_block_ddr/ip/hw_block_ddr_microblaze_0_axi_intc_0/hw_block_ddr_microblaze_0_axi_intc_0/hw_block_ddr_microblaze_0_axi_intc_0_in_context.xdc] for cell 'hw_block_ddr_i/microblaze_0_axi_intc'
Parsing XDC File [/home/vlsiuser/phase2/week12/week12.srcs/sources_1/bd/hw_block_ddr/ip/hw_block_ddr_mdm_1_0/hw_block_ddr_mdm_1_0/hw_block_ddr_mdm_1_0_in_context.xdc] for cell 'hw_block_ddr_i/mdm_1'
Finished Parsing XDC File [/home/vlsiuser/phase2/week12/week12.srcs/sources_1/bd/hw_block_ddr/ip/hw_block_ddr_mdm_1_0/hw_block_ddr_mdm_1_0/hw_block_ddr_mdm_1_0_in_context.xdc] for cell 'hw_block_ddr_i/mdm_1'
Parsing XDC File [/home/vlsiuser/phase2/week12/week12.srcs/sources_1/bd/hw_block_ddr/ip/hw_block_ddr_clk_wiz_1_0/hw_block_ddr_clk_wiz_1_0/hw_block_ddr_clk_wiz_1_0_in_context.xdc] for cell 'hw_block_ddr_i/clk_wiz_1'
Finished Parsing XDC File [/home/vlsiuser/phase2/week12/week12.srcs/sources_1/bd/hw_block_ddr/ip/hw_block_ddr_clk_wiz_1_0/hw_block_ddr_clk_wiz_1_0/hw_block_ddr_clk_wiz_1_0_in_context.xdc] for cell 'hw_block_ddr_i/clk_wiz_1'
Parsing XDC File [/home/vlsiuser/phase2/week12/week12.srcs/sources_1/bd/hw_block_ddr/ip/hw_block_ddr_rst_clk_wiz_1_100M_0/hw_block_ddr_rst_clk_wiz_1_100M_0/hw_block_ddr_rst_clk_wiz_1_100M_0_in_context.xdc] for cell 'hw_block_ddr_i/rst_clk_wiz_1_100M'
Finished Parsing XDC File [/home/vlsiuser/phase2/week12/week12.srcs/sources_1/bd/hw_block_ddr/ip/hw_block_ddr_rst_clk_wiz_1_100M_0/hw_block_ddr_rst_clk_wiz_1_100M_0/hw_block_ddr_rst_clk_wiz_1_100M_0_in_context.xdc] for cell 'hw_block_ddr_i/rst_clk_wiz_1_100M'
Parsing XDC File [/home/vlsiuser/phase2/week12/week12.srcs/sources_1/bd/hw_block_ddr/ip/hw_block_ddr_mig_7series_0_0/hw_block_ddr_mig_7series_0_0/hw_block_ddr_mig_7series_0_0_in_context.xdc] for cell 'hw_block_ddr_i/mig_7series_0'
Finished Parsing XDC File [/home/vlsiuser/phase2/week12/week12.srcs/sources_1/bd/hw_block_ddr/ip/hw_block_ddr_mig_7series_0_0/hw_block_ddr_mig_7series_0_0/hw_block_ddr_mig_7series_0_0_in_context.xdc] for cell 'hw_block_ddr_i/mig_7series_0'
Parsing XDC File [/home/vlsiuser/phase2/week12/week12.srcs/sources_1/bd/hw_block_ddr/ip/hw_block_ddr_reg_32ip_0_1/hw_block_ddr_reg_32ip_0_1/hw_block_ddr_reg_32ip_0_1_in_context.xdc] for cell 'hw_block_ddr_i/reg_32ip_0'
Finished Parsing XDC File [/home/vlsiuser/phase2/week12/week12.srcs/sources_1/bd/hw_block_ddr/ip/hw_block_ddr_reg_32ip_0_1/hw_block_ddr_reg_32ip_0_1/hw_block_ddr_reg_32ip_0_1_in_context.xdc] for cell 'hw_block_ddr_i/reg_32ip_0'
Parsing XDC File [/home/vlsiuser/phase2/week12/week12.srcs/sources_1/bd/hw_block_ddr/ip/hw_block_ddr_axi_uartlite_0_0/hw_block_ddr_axi_uartlite_0_0/hw_block_ddr_axi_uartlite_0_0_in_context.xdc] for cell 'hw_block_ddr_i/axi_uartlite_0'
Finished Parsing XDC File [/home/vlsiuser/phase2/week12/week12.srcs/sources_1/bd/hw_block_ddr/ip/hw_block_ddr_axi_uartlite_0_0/hw_block_ddr_axi_uartlite_0_0/hw_block_ddr_axi_uartlite_0_0_in_context.xdc] for cell 'hw_block_ddr_i/axi_uartlite_0'
Parsing XDC File [/home/vlsiuser/phase2/week12/week12.srcs/sources_1/bd/hw_block_ddr/ip/hw_block_ddr_rst_mig_7series_0_81M_0/hw_block_ddr_rst_mig_7series_0_81M_0/hw_block_ddr_rst_mig_7series_0_81M_0_in_context.xdc] for cell 'hw_block_ddr_i/rst_mig_7series_0_81M'
Finished Parsing XDC File [/home/vlsiuser/phase2/week12/week12.srcs/sources_1/bd/hw_block_ddr/ip/hw_block_ddr_rst_mig_7series_0_81M_0/hw_block_ddr_rst_mig_7series_0_81M_0/hw_block_ddr_rst_mig_7series_0_81M_0_in_context.xdc] for cell 'hw_block_ddr_i/rst_mig_7series_0_81M'
Parsing XDC File [/home/vlsiuser/phase2/week12/week12.runs/synth_1/dont_touch.xdc]
Finished Parsing XDC File [/home/vlsiuser/phase2/week12/week12.runs/synth_1/dont_touch.xdc]
Completed Processing XDC Constraints

Netlist sorting complete. Time (s): cpu = 00:00:00 ; elapsed = 00:00:00 . Memory (MB): peak = 2107.156 ; gain = 0.000 ; free physical = 17550 ; free virtual = 38536
INFO: [Project 1-111] Unisim Transformation Summary:
No Unisim elements were transformed.

Netlist sorting complete. Time (s): cpu = 00:00:00 ; elapsed = 00:00:00 . Memory (MB): peak = 2107.156 ; gain = 0.000 ; free physical = 17549 ; free virtual = 38536
Constraint Validation Runtime : Time (s): cpu = 00:00:00.04 ; elapsed = 00:00:00.01 . Memory (MB): peak = 2107.156 ; gain = 0.000 ; free physical = 17549 ; free virtual = 38536
WARNING: [Timing 38-316] Clock period '20.000' specified during out-of-context synthesis of instance 'hw_block_ddr_i/microblaze_0_local_memory/lmb_bram' at clock pin 'clka' is different from the actual clock period '10.000', this can lead to different synthesis results.
---------------------------------------------------------------------------------
Finished Constraint Validation : Time (s): cpu = 00:00:04 ; elapsed = 00:00:04 . Memory (MB): peak = 2107.156 ; gain = 482.469 ; free physical = 17688 ; free virtual = 38675
---------------------------------------------------------------------------------
---------------------------------------------------------------------------------
Start Loading Part and Timing Information
---------------------------------------------------------------------------------
Loading part: xc7a100tcsg324-1
---------------------------------------------------------------------------------
Finished Loading Part and Timing Information : Time (s): cpu = 00:00:04 ; elapsed = 00:00:04 . Memory (MB): peak = 2107.156 ; gain = 482.469 ; free physical = 17688 ; free virtual = 38675
---------------------------------------------------------------------------------
---------------------------------------------------------------------------------
Start Applying 'set_property' XDC Constraints
---------------------------------------------------------------------------------
Applied set_property IO_BUFFER_TYPE = NONE for sys_clock. (constraint file  /home/vlsiuser/phase2/week12/week12.srcs/sources_1/bd/hw_block_ddr/ip/hw_block_ddr_clk_wiz_1_0/hw_block_ddr_clk_wiz_1_0/hw_block_ddr_clk_wiz_1_0_in_context.xdc, line 4).
Applied set_property CLOCK_BUFFER_TYPE = NONE for sys_clock. (constraint file  /home/vlsiuser/phase2/week12/week12.srcs/sources_1/bd/hw_block_ddr/ip/hw_block_ddr_clk_wiz_1_0/hw_block_ddr_clk_wiz_1_0/hw_block_ddr_clk_wiz_1_0_in_context.xdc, line 5).
Applied set_property IO_BUFFER_TYPE = NONE for ddr2_sdram_addr[0]. (constraint file  /home/vlsiuser/phase2/week12/week12.srcs/sources_1/bd/hw_block_ddr/ip/hw_block_ddr_mig_7series_0_0/hw_block_ddr_mig_7series_0_0/hw_block_ddr_mig_7series_0_0_in_context.xdc, line 7).
Applied set_property CLOCK_BUFFER_TYPE = NONE for ddr2_sdram_addr[0]. (constraint file  /home/vlsiuser/phase2/week12/week12.srcs/sources_1/bd/hw_block_ddr/ip/hw_block_ddr_mig_7series_0_0/hw_block_ddr_mig_7series_0_0/hw_block_ddr_mig_7series_0_0_in_context.xdc, line 8).
Applied set_property IO_BUFFER_TYPE = NONE for ddr2_sdram_addr[10]. (constraint file  /home/vlsiuser/phase2/week12/week12.srcs/sources_1/bd/hw_block_ddr/ip/hw_block_ddr_mig_7series_0_0/hw_block_ddr_mig_7series_0_0/hw_block_ddr_mig_7series_0_0_in_context.xdc, line 9).
Applied set_property CLOCK_BUFFER_TYPE = NONE for ddr2_sdram_addr[10]. (constraint file  /home/vlsiuser/phase2/week12/week12.srcs/sources_1/bd/hw_block_ddr/ip/hw_block_ddr_mig_7series_0_0/hw_block_ddr_mig_7series_0_0/hw_block_ddr_mig_7series_0_0_in_context.xdc, line 10).
Applied set_property IO_BUFFER_TYPE = NONE for ddr2_sdram_addr[11]. (constraint file  /home/vlsiuser/phase2/week12/week12.srcs/sources_1/bd/hw_block_ddr/ip/hw_block_ddr_mig_7series_0_0/hw_block_ddr_mig_7series_0_0/hw_block_ddr_mig_7series_0_0_in_context.xdc, line 11).
Applied set_property CLOCK_BUFFER_TYPE = NONE for ddr2_sdram_addr[11]. (constraint file  /home/vlsiuser/phase2/week12/week12.srcs/sources_1/bd/hw_block_ddr/ip/hw_block_ddr_mig_7series_0_0/hw_block_ddr_mig_7series_0_0/hw_block_ddr_mig_7series_0_0_in_context.xdc, line 12).
Applied set_property IO_BUFFER_TYPE = NONE for ddr2_sdram_addr[12]. (constraint file  /home/vlsiuser/phase2/week12/week12.srcs/sources_1/bd/hw_block_ddr/ip/hw_block_ddr_mig_7series_0_0/hw_block_ddr_mig_7series_0_0/hw_block_ddr_mig_7series_0_0_in_context.xdc, line 13).
Applied set_property CLOCK_BUFFER_TYPE = NONE for ddr2_sdram_addr[12]. (constraint file  /home/vlsiuser/phase2/week12/week12.srcs/sources_1/bd/hw_block_ddr/ip/hw_block_ddr_mig_7series_0_0/hw_block_ddr_mig_7series_0_0/hw_block_ddr_mig_7series_0_0_in_context.xdc, line 14).
Applied set_property IO_BUFFER_TYPE = NONE for ddr2_sdram_addr[1]. (constraint file  /home/vlsiuser/phase2/week12/week12.srcs/sources_1/bd/hw_block_ddr/ip/hw_block_ddr_mig_7series_0_0/hw_block_ddr_mig_7series_0_0/hw_block_ddr_mig_7series_0_0_in_context.xdc, line 15).
Applied set_property CLOCK_BUFFER_TYPE = NONE for ddr2_sdram_addr[1]. (constraint file  /home/vlsiuser/phase2/week12/week12.srcs/sources_1/bd/hw_block_ddr/ip/hw_block_ddr_mig_7series_0_0/hw_block_ddr_mig_7series_0_0/hw_block_ddr_mig_7series_0_0_in_context.xdc, line 16).
Applied set_property IO_BUFFER_TYPE = NONE for ddr2_sdram_addr[2]. (constraint file  /home/vlsiuser/phase2/week12/week12.srcs/sources_1/bd/hw_block_ddr/ip/hw_block_ddr_mig_7series_0_0/hw_block_ddr_mig_7series_0_0/hw_block_ddr_mig_7series_0_0_in_context.xdc, line 17).
Applied set_property CLOCK_BUFFER_TYPE = NONE for ddr2_sdram_addr[2]. (constraint file  /home/vlsiuser/phase2/week12/week12.srcs/sources_1/bd/hw_block_ddr/ip/hw_block_ddr_mig_7series_0_0/hw_block_ddr_mig_7series_0_0/hw_block_ddr_mig_7series_0_0_in_context.xdc, line 18).
Applied set_property IO_BUFFER_TYPE = NONE for ddr2_sdram_addr[3]. (constraint file  /home/vlsiuser/phase2/week12/week12.srcs/sources_1/bd/hw_block_ddr/ip/hw_block_ddr_mig_7series_0_0/hw_block_ddr_mig_7series_0_0/hw_block_ddr_mig_7series_0_0_in_context.xdc, line 19).
Applied set_property CLOCK_BUFFER_TYPE = NONE for ddr2_sdram_addr[3]. (constraint file  /home/vlsiuser/phase2/week12/week12.srcs/sources_1/bd/hw_block_ddr/ip/hw_block_ddr_mig_7series_0_0/hw_block_ddr_mig_7series_0_0/hw_block_ddr_mig_7series_0_0_in_context.xdc, line 20).
Applied set_property IO_BUFFER_TYPE = NONE for ddr2_sdram_addr[4]. (constraint file  /home/vlsiuser/phase2/week12/week12.srcs/sources_1/bd/hw_block_ddr/ip/hw_block_ddr_mig_7series_0_0/hw_block_ddr_mig_7series_0_0/hw_block_ddr_mig_7series_0_0_in_context.xdc, line 21).
Applied set_property CLOCK_BUFFER_TYPE = NONE for ddr2_sdram_addr[4]. (constraint file  /home/vlsiuser/phase2/week12/week12.srcs/sources_1/bd/hw_block_ddr/ip/hw_block_ddr_mig_7series_0_0/hw_block_ddr_mig_7series_0_0/hw_block_ddr_mig_7series_0_0_in_context.xdc, line 22).
Applied set_property IO_BUFFER_TYPE = NONE for ddr2_sdram_addr[5]. (constraint file  /home/vlsiuser/phase2/week12/week12.srcs/sources_1/bd/hw_block_ddr/ip/hw_block_ddr_mig_7series_0_0/hw_block_ddr_mig_7series_0_0/hw_block_ddr_mig_7series_0_0_in_context.xdc, line 23).
Applied set_property CLOCK_BUFFER_TYPE = NONE for ddr2_sdram_addr[5]. (constraint file  /home/vlsiuser/phase2/week12/week12.srcs/sources_1/bd/hw_block_ddr/ip/hw_block_ddr_mig_7series_0_0/hw_block_ddr_mig_7series_0_0/hw_block_ddr_mig_7series_0_0_in_context.xdc, line 24).
Applied set_property IO_BUFFER_TYPE = NONE for ddr2_sdram_addr[6]. (constraint file  /home/vlsiuser/phase2/week12/week12.srcs/sources_1/bd/hw_block_ddr/ip/hw_block_ddr_mig_7series_0_0/hw_block_ddr_mig_7series_0_0/hw_block_ddr_mig_7series_0_0_in_context.xdc, line 25).
Applied set_property CLOCK_BUFFER_TYPE = NONE for ddr2_sdram_addr[6]. (constraint file  /home/vlsiuser/phase2/week12/week12.srcs/sources_1/bd/hw_block_ddr/ip/hw_block_ddr_mig_7series_0_0/hw_block_ddr_mig_7series_0_0/hw_block_ddr_mig_7series_0_0_in_context.xdc, line 26).
Applied set_property IO_BUFFER_TYPE = NONE for ddr2_sdram_addr[7]. (constraint file  /home/vlsiuser/phase2/week12/week12.srcs/sources_1/bd/hw_block_ddr/ip/hw_block_ddr_mig_7series_0_0/hw_block_ddr_mig_7series_0_0/hw_block_ddr_mig_7series_0_0_in_context.xdc, line 27).
Applied set_property CLOCK_BUFFER_TYPE = NONE for ddr2_sdram_addr[7]. (constraint file  /home/vlsiuser/phase2/week12/week12.srcs/sources_1/bd/hw_block_ddr/ip/hw_block_ddr_mig_7series_0_0/hw_block_ddr_mig_7series_0_0/hw_block_ddr_mig_7series_0_0_in_context.xdc, line 28).
Applied set_property IO_BUFFER_TYPE = NONE for ddr2_sdram_addr[8]. (constraint file  /home/vlsiuser/phase2/week12/week12.srcs/sources_1/bd/hw_block_ddr/ip/hw_block_ddr_mig_7series_0_0/hw_block_ddr_mig_7series_0_0/hw_block_ddr_mig_7series_0_0_in_context.xdc, line 29).
Applied set_property CLOCK_BUFFER_TYPE = NONE for ddr2_sdram_addr[8]. (constraint file  /home/vlsiuser/phase2/week12/week12.srcs/sources_1/bd/hw_block_ddr/ip/hw_block_ddr_mig_7series_0_0/hw_block_ddr_mig_7series_0_0/hw_block_ddr_mig_7series_0_0_in_context.xdc, line 30).
Applied set_property IO_BUFFER_TYPE = NONE for ddr2_sdram_addr[9]. (constraint file  /home/vlsiuser/phase2/week12/week12.srcs/sources_1/bd/hw_block_ddr/ip/hw_block_ddr_mig_7series_0_0/hw_block_ddr_mig_7series_0_0/hw_block_ddr_mig_7series_0_0_in_context.xdc, line 31).
Applied set_property CLOCK_BUFFER_TYPE = NONE for ddr2_sdram_addr[9]. (constraint file  /home/vlsiuser/phase2/week12/week12.srcs/sources_1/bd/hw_block_ddr/ip/hw_block_ddr_mig_7series_0_0/hw_block_ddr_mig_7series_0_0/hw_block_ddr_mig_7series_0_0_in_context.xdc, line 32).
Applied set_property IO_BUFFER_TYPE = NONE for ddr2_sdram_ba[0]. (constraint file  /home/vlsiuser/phase2/week12/week12.srcs/sources_1/bd/hw_block_ddr/ip/hw_block_ddr_mig_7series_0_0/hw_block_ddr_mig_7series_0_0/hw_block_ddr_mig_7series_0_0_in_context.xdc, line 33).
Applied set_property CLOCK_BUFFER_TYPE = NONE for ddr2_sdram_ba[0]. (constraint file  /home/vlsiuser/phase2/week12/week12.srcs/sources_1/bd/hw_block_ddr/ip/hw_block_ddr_mig_7series_0_0/hw_block_ddr_mig_7series_0_0/hw_block_ddr_mig_7series_0_0_in_context.xdc, line 34).
Applied set_property IO_BUFFER_TYPE = NONE for ddr2_sdram_ba[1]. (constraint file  /home/vlsiuser/phase2/week12/week12.srcs/sources_1/bd/hw_block_ddr/ip/hw_block_ddr_mig_7series_0_0/hw_block_ddr_mig_7series_0_0/hw_block_ddr_mig_7series_0_0_in_context.xdc, line 35).
Applied set_property CLOCK_BUFFER_TYPE = NONE for ddr2_sdram_ba[1]. (constraint file  /home/vlsiuser/phase2/week12/week12.srcs/sources_1/bd/hw_block_ddr/ip/hw_block_ddr_mig_7series_0_0/hw_block_ddr_mig_7series_0_0/hw_block_ddr_mig_7series_0_0_in_context.xdc, line 36).
Applied set_property IO_BUFFER_TYPE = NONE for ddr2_sdram_ba[2]. (constraint file  /home/vlsiuser/phase2/week12/week12.srcs/sources_1/bd/hw_block_ddr/ip/hw_block_ddr_mig_7series_0_0/hw_block_ddr_mig_7series_0_0/hw_block_ddr_mig_7series_0_0_in_context.xdc, line 37).
Applied set_property CLOCK_BUFFER_TYPE = NONE for ddr2_sdram_ba[2]. (constraint file  /home/vlsiuser/phase2/week12/week12.srcs/sources_1/bd/hw_block_ddr/ip/hw_block_ddr_mig_7series_0_0/hw_block_ddr_mig_7series_0_0/hw_block_ddr_mig_7series_0_0_in_context.xdc, line 38).
Applied set_property IO_BUFFER_TYPE = NONE for ddr2_sdram_cas_n. (constraint file  /home/vlsiuser/phase2/week12/week12.srcs/sources_1/bd/hw_block_ddr/ip/hw_block_ddr_mig_7series_0_0/hw_block_ddr_mig_7series_0_0/hw_block_ddr_mig_7series_0_0_in_context.xdc, line 39).
Applied set_property CLOCK_BUFFER_TYPE = NONE for ddr2_sdram_cas_n. (constraint file  /home/vlsiuser/phase2/week12/week12.srcs/sources_1/bd/hw_block_ddr/ip/hw_block_ddr_mig_7series_0_0/hw_block_ddr_mig_7series_0_0/hw_block_ddr_mig_7series_0_0_in_context.xdc, line 40).
Applied set_property IO_BUFFER_TYPE = NONE for ddr2_sdram_ck_n[0]. (constraint file  /home/vlsiuser/phase2/week12/week12.srcs/sources_1/bd/hw_block_ddr/ip/hw_block_ddr_mig_7series_0_0/hw_block_ddr_mig_7series_0_0/hw_block_ddr_mig_7series_0_0_in_context.xdc, line 41).
Applied set_property CLOCK_BUFFER_TYPE = NONE for ddr2_sdram_ck_n[0]. (constraint file  /home/vlsiuser/phase2/week12/week12.srcs/sources_1/bd/hw_block_ddr/ip/hw_block_ddr_mig_7series_0_0/hw_block_ddr_mig_7series_0_0/hw_block_ddr_mig_7series_0_0_in_context.xdc, line 42).
Applied set_property IO_BUFFER_TYPE = NONE for ddr2_sdram_ck_p[0]. (constraint file  /home/vlsiuser/phase2/week12/week12.srcs/sources_1/bd/hw_block_ddr/ip/hw_block_ddr_mig_7series_0_0/hw_block_ddr_mig_7series_0_0/hw_block_ddr_mig_7series_0_0_in_context.xdc, line 43).
Applied set_property CLOCK_BUFFER_TYPE = NONE for ddr2_sdram_ck_p[0]. (constraint file  /home/vlsiuser/phase2/week12/week12.srcs/sources_1/bd/hw_block_ddr/ip/hw_block_ddr_mig_7series_0_0/hw_block_ddr_mig_7series_0_0/hw_block_ddr_mig_7series_0_0_in_context.xdc, line 44).
Applied set_property IO_BUFFER_TYPE = NONE for ddr2_sdram_cke[0]. (constraint file  /home/vlsiuser/phase2/week12/week12.srcs/sources_1/bd/hw_block_ddr/ip/hw_block_ddr_mig_7series_0_0/hw_block_ddr_mig_7series_0_0/hw_block_ddr_mig_7series_0_0_in_context.xdc, line 45).
Applied set_property CLOCK_BUFFER_TYPE = NONE for ddr2_sdram_cke[0]. (constraint file  /home/vlsiuser/phase2/week12/week12.srcs/sources_1/bd/hw_block_ddr/ip/hw_block_ddr_mig_7series_0_0/hw_block_ddr_mig_7series_0_0/hw_block_ddr_mig_7series_0_0_in_context.xdc, line 46).
Applied set_property IO_BUFFER_TYPE = NONE for ddr2_sdram_cs_n[0]. (constraint file  /home/vlsiuser/phase2/week12/week12.srcs/sources_1/bd/hw_block_ddr/ip/hw_block_ddr_mig_7series_0_0/hw_block_ddr_mig_7series_0_0/hw_block_ddr_mig_7series_0_0_in_context.xdc, line 47).
Applied set_property CLOCK_BUFFER_TYPE = NONE for ddr2_sdram_cs_n[0]. (constraint file  /home/vlsiuser/phase2/week12/week12.srcs/sources_1/bd/hw_block_ddr/ip/hw_block_ddr_mig_7series_0_0/hw_block_ddr_mig_7series_0_0/hw_block_ddr_mig_7series_0_0_in_context.xdc, line 48).
Applied set_property IO_BUFFER_TYPE = NONE for ddr2_sdram_dm[0]. (constraint file  /home/vlsiuser/phase2/week12/week12.srcs/sources_1/bd/hw_block_ddr/ip/hw_block_ddr_mig_7series_0_0/hw_block_ddr_mig_7series_0_0/hw_block_ddr_mig_7series_0_0_in_context.xdc, line 49).
Applied set_property CLOCK_BUFFER_TYPE = NONE for ddr2_sdram_dm[0]. (constraint file  /home/vlsiuser/phase2/week12/week12.srcs/sources_1/bd/hw_block_ddr/ip/hw_block_ddr_mig_7series_0_0/hw_block_ddr_mig_7series_0_0/hw_block_ddr_mig_7series_0_0_in_context.xdc, line 50).
Applied set_property IO_BUFFER_TYPE = NONE for ddr2_sdram_dm[1]. (constraint file  /home/vlsiuser/phase2/week12/week12.srcs/sources_1/bd/hw_block_ddr/ip/hw_block_ddr_mig_7series_0_0/hw_block_ddr_mig_7series_0_0/hw_block_ddr_mig_7series_0_0_in_context.xdc, line 51).
Applied set_property CLOCK_BUFFER_TYPE = NONE for ddr2_sdram_dm[1]. (constraint file  /home/vlsiuser/phase2/week12/week12.srcs/sources_1/bd/hw_block_ddr/ip/hw_block_ddr_mig_7series_0_0/hw_block_ddr_mig_7series_0_0/hw_block_ddr_mig_7series_0_0_in_context.xdc, line 52).
Applied set_property IO_BUFFER_TYPE = NONE for ddr2_sdram_dq[0]. (constraint file  /home/vlsiuser/phase2/week12/week12.srcs/sources_1/bd/hw_block_ddr/ip/hw_block_ddr_mig_7series_0_0/hw_block_ddr_mig_7series_0_0/hw_block_ddr_mig_7series_0_0_in_context.xdc, line 53).
Applied set_property CLOCK_BUFFER_TYPE = NONE for ddr2_sdram_dq[0]. (constraint file  /home/vlsiuser/phase2/week12/week12.srcs/sources_1/bd/hw_block_ddr/ip/hw_block_ddr_mig_7series_0_0/hw_block_ddr_mig_7series_0_0/hw_block_ddr_mig_7series_0_0_in_context.xdc, line 54).
Applied set_property IO_BUFFER_TYPE = NONE for ddr2_sdram_dq[10]. (constraint file  /home/vlsiuser/phase2/week12/week12.srcs/sources_1/bd/hw_block_ddr/ip/hw_block_ddr_mig_7series_0_0/hw_block_ddr_mig_7series_0_0/hw_block_ddr_mig_7series_0_0_in_context.xdc, line 55).
Applied set_property CLOCK_BUFFER_TYPE = NONE for ddr2_sdram_dq[10]. (constraint file  /home/vlsiuser/phase2/week12/week12.srcs/sources_1/bd/hw_block_ddr/ip/hw_block_ddr_mig_7series_0_0/hw_block_ddr_mig_7series_0_0/hw_block_ddr_mig_7series_0_0_in_context.xdc, line 56).
Applied set_property IO_BUFFER_TYPE = NONE for ddr2_sdram_dq[11]. (constraint file  /home/vlsiuser/phase2/week12/week12.srcs/sources_1/bd/hw_block_ddr/ip/hw_block_ddr_mig_7series_0_0/hw_block_ddr_mig_7series_0_0/hw_block_ddr_mig_7series_0_0_in_context.xdc, line 57).
Applied set_property CLOCK_BUFFER_TYPE = NONE for ddr2_sdram_dq[11]. (constraint file  /home/vlsiuser/phase2/week12/week12.srcs/sources_1/bd/hw_block_ddr/ip/hw_block_ddr_mig_7series_0_0/hw_block_ddr_mig_7series_0_0/hw_block_ddr_mig_7series_0_0_in_context.xdc, line 58).
Applied set_property IO_BUFFER_TYPE = NONE for ddr2_sdram_dq[12]. (constraint file  /home/vlsiuser/phase2/week12/week12.srcs/sources_1/bd/hw_block_ddr/ip/hw_block_ddr_mig_7series_0_0/hw_block_ddr_mig_7series_0_0/hw_block_ddr_mig_7series_0_0_in_context.xdc, line 59).
Applied set_property CLOCK_BUFFER_TYPE = NONE for ddr2_sdram_dq[12]. (constraint file  /home/vlsiuser/phase2/week12/week12.srcs/sources_1/bd/hw_block_ddr/ip/hw_block_ddr_mig_7series_0_0/hw_block_ddr_mig_7series_0_0/hw_block_ddr_mig_7series_0_0_in_context.xdc, line 60).
Applied set_property IO_BUFFER_TYPE = NONE for ddr2_sdram_dq[13]. (constraint file  /home/vlsiuser/phase2/week12/week12.srcs/sources_1/bd/hw_block_ddr/ip/hw_block_ddr_mig_7series_0_0/hw_block_ddr_mig_7series_0_0/hw_block_ddr_mig_7series_0_0_in_context.xdc, line 61).
Applied set_property CLOCK_BUFFER_TYPE = NONE for ddr2_sdram_dq[13]. (constraint file  /home/vlsiuser/phase2/week12/week12.srcs/sources_1/bd/hw_block_ddr/ip/hw_block_ddr_mig_7series_0_0/hw_block_ddr_mig_7series_0_0/hw_block_ddr_mig_7series_0_0_in_context.xdc, line 62).
Applied set_property IO_BUFFER_TYPE = NONE for ddr2_sdram_dq[14]. (constraint file  /home/vlsiuser/phase2/week12/week12.srcs/sources_1/bd/hw_block_ddr/ip/hw_block_ddr_mig_7series_0_0/hw_block_ddr_mig_7series_0_0/hw_block_ddr_mig_7series_0_0_in_context.xdc, line 63).
Applied set_property CLOCK_BUFFER_TYPE = NONE for ddr2_sdram_dq[14]. (constraint file  /home/vlsiuser/phase2/week12/week12.srcs/sources_1/bd/hw_block_ddr/ip/hw_block_ddr_mig_7series_0_0/hw_block_ddr_mig_7series_0_0/hw_block_ddr_mig_7series_0_0_in_context.xdc, line 64).
Applied set_property IO_BUFFER_TYPE = NONE for ddr2_sdram_dq[15]. (constraint file  /home/vlsiuser/phase2/week12/week12.srcs/sources_1/bd/hw_block_ddr/ip/hw_block_ddr_mig_7series_0_0/hw_block_ddr_mig_7series_0_0/hw_block_ddr_mig_7series_0_0_in_context.xdc, line 65).
Applied set_property CLOCK_BUFFER_TYPE = NONE for ddr2_sdram_dq[15]. (constraint file  /home/vlsiuser/phase2/week12/week12.srcs/sources_1/bd/hw_block_ddr/ip/hw_block_ddr_mig_7series_0_0/hw_block_ddr_mig_7series_0_0/hw_block_ddr_mig_7series_0_0_in_context.xdc, line 66).
Applied set_property IO_BUFFER_TYPE = NONE for ddr2_sdram_dq[1]. (constraint file  /home/vlsiuser/phase2/week12/week12.srcs/sources_1/bd/hw_block_ddr/ip/hw_block_ddr_mig_7series_0_0/hw_block_ddr_mig_7series_0_0/hw_block_ddr_mig_7series_0_0_in_context.xdc, line 67).
Applied set_property CLOCK_BUFFER_TYPE = NONE for ddr2_sdram_dq[1]. (constraint file  /home/vlsiuser/phase2/week12/week12.srcs/sources_1/bd/hw_block_ddr/ip/hw_block_ddr_mig_7series_0_0/hw_block_ddr_mig_7series_0_0/hw_block_ddr_mig_7series_0_0_in_context.xdc, line 68).
Applied set_property IO_BUFFER_TYPE = NONE for ddr2_sdram_dq[2]. (constraint file  /home/vlsiuser/phase2/week12/week12.srcs/sources_1/bd/hw_block_ddr/ip/hw_block_ddr_mig_7series_0_0/hw_block_ddr_mig_7series_0_0/hw_block_ddr_mig_7series_0_0_in_context.xdc, line 69).
Applied set_property CLOCK_BUFFER_TYPE = NONE for ddr2_sdram_dq[2]. (constraint file  /home/vlsiuser/phase2/week12/week12.srcs/sources_1/bd/hw_block_ddr/ip/hw_block_ddr_mig_7series_0_0/hw_block_ddr_mig_7series_0_0/hw_block_ddr_mig_7series_0_0_in_context.xdc, line 70).
Applied set_property IO_BUFFER_TYPE = NONE for ddr2_sdram_dq[3]. (constraint file  /home/vlsiuser/phase2/week12/week12.srcs/sources_1/bd/hw_block_ddr/ip/hw_block_ddr_mig_7series_0_0/hw_block_ddr_mig_7series_0_0/hw_block_ddr_mig_7series_0_0_in_context.xdc, line 71).
Applied set_property CLOCK_BUFFER_TYPE = NONE for ddr2_sdram_dq[3]. (constraint file  /home/vlsiuser/phase2/week12/week12.srcs/sources_1/bd/hw_block_ddr/ip/hw_block_ddr_mig_7series_0_0/hw_block_ddr_mig_7series_0_0/hw_block_ddr_mig_7series_0_0_in_context.xdc, line 72).
Applied set_property IO_BUFFER_TYPE = NONE for ddr2_sdram_dq[4]. (constraint file  /home/vlsiuser/phase2/week12/week12.srcs/sources_1/bd/hw_block_ddr/ip/hw_block_ddr_mig_7series_0_0/hw_block_ddr_mig_7series_0_0/hw_block_ddr_mig_7series_0_0_in_context.xdc, line 73).
Applied set_property CLOCK_BUFFER_TYPE = NONE for ddr2_sdram_dq[4]. (constraint file  /home/vlsiuser/phase2/week12/week12.srcs/sources_1/bd/hw_block_ddr/ip/hw_block_ddr_mig_7series_0_0/hw_block_ddr_mig_7series_0_0/hw_block_ddr_mig_7series_0_0_in_context.xdc, line 74).
Applied set_property IO_BUFFER_TYPE = NONE for ddr2_sdram_dq[5]. (constraint file  /home/vlsiuser/phase2/week12/week12.srcs/sources_1/bd/hw_block_ddr/ip/hw_block_ddr_mig_7series_0_0/hw_block_ddr_mig_7series_0_0/hw_block_ddr_mig_7series_0_0_in_context.xdc, line 75).
Applied set_property CLOCK_BUFFER_TYPE = NONE for ddr2_sdram_dq[5]. (constraint file  /home/vlsiuser/phase2/week12/week12.srcs/sources_1/bd/hw_block_ddr/ip/hw_block_ddr_mig_7series_0_0/hw_block_ddr_mig_7series_0_0/hw_block_ddr_mig_7series_0_0_in_context.xdc, line 76).
Applied set_property IO_BUFFER_TYPE = NONE for ddr2_sdram_dq[6]. (constraint file  /home/vlsiuser/phase2/week12/week12.srcs/sources_1/bd/hw_block_ddr/ip/hw_block_ddr_mig_7series_0_0/hw_block_ddr_mig_7series_0_0/hw_block_ddr_mig_7series_0_0_in_context.xdc, line 77).
Applied set_property CLOCK_BUFFER_TYPE = NONE for ddr2_sdram_dq[6]. (constraint file  /home/vlsiuser/phase2/week12/week12.srcs/sources_1/bd/hw_block_ddr/ip/hw_block_ddr_mig_7series_0_0/hw_block_ddr_mig_7series_0_0/hw_block_ddr_mig_7series_0_0_in_context.xdc, line 78).
Applied set_property IO_BUFFER_TYPE = NONE for ddr2_sdram_dq[7]. (constraint file  /home/vlsiuser/phase2/week12/week12.srcs/sources_1/bd/hw_block_ddr/ip/hw_block_ddr_mig_7series_0_0/hw_block_ddr_mig_7series_0_0/hw_block_ddr_mig_7series_0_0_in_context.xdc, line 79).
Applied set_property CLOCK_BUFFER_TYPE = NONE for ddr2_sdram_dq[7]. (constraint file  /home/vlsiuser/phase2/week12/week12.srcs/sources_1/bd/hw_block_ddr/ip/hw_block_ddr_mig_7series_0_0/hw_block_ddr_mig_7series_0_0/hw_block_ddr_mig_7series_0_0_in_context.xdc, line 80).
Applied set_property IO_BUFFER_TYPE = NONE for ddr2_sdram_dq[8]. (constraint file  /home/vlsiuser/phase2/week12/week12.srcs/sources_1/bd/hw_block_ddr/ip/hw_block_ddr_mig_7series_0_0/hw_block_ddr_mig_7series_0_0/hw_block_ddr_mig_7series_0_0_in_context.xdc, line 81).
Applied set_property CLOCK_BUFFER_TYPE = NONE for ddr2_sdram_dq[8]. (constraint file  /home/vlsiuser/phase2/week12/week12.srcs/sources_1/bd/hw_block_ddr/ip/hw_block_ddr_mig_7series_0_0/hw_block_ddr_mig_7series_0_0/hw_block_ddr_mig_7series_0_0_in_context.xdc, line 82).
Applied set_property IO_BUFFER_TYPE = NONE for ddr2_sdram_dq[9]. (constraint file  /home/vlsiuser/phase2/week12/week12.srcs/sources_1/bd/hw_block_ddr/ip/hw_block_ddr_mig_7series_0_0/hw_block_ddr_mig_7series_0_0/hw_block_ddr_mig_7series_0_0_in_context.xdc, line 83).
Applied set_property CLOCK_BUFFER_TYPE = NONE for ddr2_sdram_dq[9]. (constraint file  /home/vlsiuser/phase2/week12/week12.srcs/sources_1/bd/hw_block_ddr/ip/hw_block_ddr_mig_7series_0_0/hw_block_ddr_mig_7series_0_0/hw_block_ddr_mig_7series_0_0_in_context.xdc, line 84).
Applied set_property IO_BUFFER_TYPE = NONE for ddr2_sdram_dqs_n[0]. (constraint file  /home/vlsiuser/phase2/week12/week12.srcs/sources_1/bd/hw_block_ddr/ip/hw_block_ddr_mig_7series_0_0/hw_block_ddr_mig_7series_0_0/hw_block_ddr_mig_7series_0_0_in_context.xdc, line 85).
Applied set_property CLOCK_BUFFER_TYPE = NONE for ddr2_sdram_dqs_n[0]. (constraint file  /home/vlsiuser/phase2/week12/week12.srcs/sources_1/bd/hw_block_ddr/ip/hw_block_ddr_mig_7series_0_0/hw_block_ddr_mig_7series_0_0/hw_block_ddr_mig_7series_0_0_in_context.xdc, line 86).
Applied set_property IO_BUFFER_TYPE = NONE for ddr2_sdram_dqs_n[1]. (constraint file  /home/vlsiuser/phase2/week12/week12.srcs/sources_1/bd/hw_block_ddr/ip/hw_block_ddr_mig_7series_0_0/hw_block_ddr_mig_7series_0_0/hw_block_ddr_mig_7series_0_0_in_context.xdc, line 87).
Applied set_property CLOCK_BUFFER_TYPE = NONE for ddr2_sdram_dqs_n[1]. (constraint file  /home/vlsiuser/phase2/week12/week12.srcs/sources_1/bd/hw_block_ddr/ip/hw_block_ddr_mig_7series_0_0/hw_block_ddr_mig_7series_0_0/hw_block_ddr_mig_7series_0_0_in_context.xdc, line 88).
Applied set_property IO_BUFFER_TYPE = NONE for ddr2_sdram_dqs_p[0]. (constraint file  /home/vlsiuser/phase2/week12/week12.srcs/sources_1/bd/hw_block_ddr/ip/hw_block_ddr_mig_7series_0_0/hw_block_ddr_mig_7series_0_0/hw_block_ddr_mig_7series_0_0_in_context.xdc, line 89).
Applied set_property CLOCK_BUFFER_TYPE = NONE for ddr2_sdram_dqs_p[0]. (constraint file  /home/vlsiuser/phase2/week12/week12.srcs/sources_1/bd/hw_block_ddr/ip/hw_block_ddr_mig_7series_0_0/hw_block_ddr_mig_7series_0_0/hw_block_ddr_mig_7series_0_0_in_context.xdc, line 90).
Applied set_property IO_BUFFER_TYPE = NONE for ddr2_sdram_dqs_p[1]. (constraint file  /home/vlsiuser/phase2/week12/week12.srcs/sources_1/bd/hw_block_ddr/ip/hw_block_ddr_mig_7series_0_0/hw_block_ddr_mig_7series_0_0/hw_block_ddr_mig_7series_0_0_in_context.xdc, line 91).
Applied set_property CLOCK_BUFFER_TYPE = NONE for ddr2_sdram_dqs_p[1]. (constraint file  /home/vlsiuser/phase2/week12/week12.srcs/sources_1/bd/hw_block_ddr/ip/hw_block_ddr_mig_7series_0_0/hw_block_ddr_mig_7series_0_0/hw_block_ddr_mig_7series_0_0_in_context.xdc, line 92).
Applied set_property IO_BUFFER_TYPE = NONE for ddr2_sdram_odt[0]. (constraint file  /home/vlsiuser/phase2/week12/week12.srcs/sources_1/bd/hw_block_ddr/ip/hw_block_ddr_mig_7series_0_0/hw_block_ddr_mig_7series_0_0/hw_block_ddr_mig_7series_0_0_in_context.xdc, line 93).
Applied set_property CLOCK_BUFFER_TYPE = NONE for ddr2_sdram_odt[0]. (constraint file  /home/vlsiuser/phase2/week12/week12.srcs/sources_1/bd/hw_block_ddr/ip/hw_block_ddr_mig_7series_0_0/hw_block_ddr_mig_7series_0_0/hw_block_ddr_mig_7series_0_0_in_context.xdc, line 94).
Applied set_property IO_BUFFER_TYPE = NONE for ddr2_sdram_ras_n. (constraint file  /home/vlsiuser/phase2/week12/week12.srcs/sources_1/bd/hw_block_ddr/ip/hw_block_ddr_mig_7series_0_0/hw_block_ddr_mig_7series_0_0/hw_block_ddr_mig_7series_0_0_in_context.xdc, line 95).
Applied set_property CLOCK_BUFFER_TYPE = NONE for ddr2_sdram_ras_n. (constraint file  /home/vlsiuser/phase2/week12/week12.srcs/sources_1/bd/hw_block_ddr/ip/hw_block_ddr_mig_7series_0_0/hw_block_ddr_mig_7series_0_0/hw_block_ddr_mig_7series_0_0_in_context.xdc, line 96).
Applied set_property IO_BUFFER_TYPE = NONE for ddr2_sdram_we_n. (constraint file  /home/vlsiuser/phase2/week12/week12.srcs/sources_1/bd/hw_block_ddr/ip/hw_block_ddr_mig_7series_0_0/hw_block_ddr_mig_7series_0_0/hw_block_ddr_mig_7series_0_0_in_context.xdc, line 97).
Applied set_property CLOCK_BUFFER_TYPE = NONE for ddr2_sdram_we_n. (constraint file  /home/vlsiuser/phase2/week12/week12.srcs/sources_1/bd/hw_block_ddr/ip/hw_block_ddr_mig_7series_0_0/hw_block_ddr_mig_7series_0_0/hw_block_ddr_mig_7series_0_0_in_context.xdc, line 98).
Applied set_property DONT_TOUCH = true for hw_block_ddr_i. (constraint file  auto generated constraint, line ).
Applied set_property DONT_TOUCH = true for hw_block_ddr_i/microblaze_0. (constraint file  auto generated constraint, line ).
Applied set_property DONT_TOUCH = true for hw_block_ddr_i/microblaze_0_local_memory/dlmb_v10. (constraint file  auto generated constraint, line ).
Applied set_property DONT_TOUCH = true for hw_block_ddr_i/microblaze_0_local_memory/ilmb_v10. (constraint file  auto generated constraint, line ).
Applied set_property DONT_TOUCH = true for hw_block_ddr_i/microblaze_0_local_memory/dlmb_bram_if_cntlr. (constraint file  auto generated constraint, line ).
Applied set_property DONT_TOUCH = true for hw_block_ddr_i/microblaze_0_local_memory/ilmb_bram_if_cntlr. (constraint file  auto generated constraint, line ).
Applied set_property DONT_TOUCH = true for hw_block_ddr_i/microblaze_0_local_memory/lmb_bram. (constraint file  auto generated constraint, line ).
Applied set_property DONT_TOUCH = true for hw_block_ddr_i/microblaze_0_axi_periph/xbar. (constraint file  auto generated constraint, line ).
Applied set_property DONT_TOUCH = true for hw_block_ddr_i/microblaze_0_axi_periph/s00_couplers/auto_us. (constraint file  auto generated constraint, line ).
Applied set_property DONT_TOUCH = true for hw_block_ddr_i/microblaze_0_axi_periph/m00_couplers/auto_ds. (constraint file  auto generated constraint, line ).
Applied set_property DONT_TOUCH = true for hw_block_ddr_i/microblaze_0_axi_periph/m01_couplers/auto_cc. (constraint file  auto generated constraint, line ).
Applied set_property DONT_TOUCH = true for hw_block_ddr_i/microblaze_0_axi_periph/m01_couplers/auto_pc. (constraint file  auto generated constraint, line ).
Applied set_property DONT_TOUCH = true for hw_block_ddr_i/microblaze_0_axi_periph/m02_couplers/auto_ds. (constraint file  auto generated constraint, line ).
Applied set_property DONT_TOUCH = true for hw_block_ddr_i/microblaze_0_axi_periph/m03_couplers/auto_ds. (constraint file  auto generated constraint, line ).
Applied set_property DONT_TOUCH = true for hw_block_ddr_i/microblaze_0_axi_periph. (constraint file  auto generated constraint, line ).
Applied set_property DONT_TOUCH = true for hw_block_ddr_i/microblaze_0_axi_intc. (constraint file  auto generated constraint, line ).
Applied set_property DONT_TOUCH = true for hw_block_ddr_i/microblaze_0_xlconcat. (constraint file  auto generated constraint, line ).
Applied set_property DONT_TOUCH = true for hw_block_ddr_i/mdm_1. (constraint file  auto generated constraint, line ).
Applied set_property DONT_TOUCH = true for hw_block_ddr_i/clk_wiz_1. (constraint file  auto generated constraint, line ).
Applied set_property DONT_TOUCH = true for hw_block_ddr_i/rst_clk_wiz_1_100M. (constraint file  auto generated constraint, line ).
Applied set_property DONT_TOUCH = true for hw_block_ddr_i/mig_7series_0. (constraint file  auto generated constraint, line ).
Applied set_property DONT_TOUCH = true for hw_block_ddr_i/reg_32ip_0. (constraint file  auto generated constraint, line ).
Applied set_property DONT_TOUCH = true for hw_block_ddr_i/axi_uartlite_0. (constraint file  auto generated constraint, line ).
Applied set_property DONT_TOUCH = true for hw_block_ddr_i/rst_mig_7series_0_81M. (constraint file  auto generated constraint, line ).
---------------------------------------------------------------------------------
Finished applying 'set_property' XDC Constraints : Time (s): cpu = 00:00:04 ; elapsed = 00:00:05 . Memory (MB): peak = 2107.156 ; gain = 482.469 ; free physical = 17688 ; free virtual = 38674
---------------------------------------------------------------------------------
---------------------------------------------------------------------------------
Finished RTL Optimization Phase 2 : Time (s): cpu = 00:00:04 ; elapsed = 00:00:05 . Memory (MB): peak = 2107.156 ; gain = 482.469 ; free physical = 17689 ; free virtual = 38676
---------------------------------------------------------------------------------

Report RTL Partitions: 
+-+--------------+------------+----------+
| |RTL Partition |Replication |Instances |
+-+--------------+------------+----------+
+-+--------------+------------+----------+
---------------------------------------------------------------------------------
Start RTL Component Statistics 
---------------------------------------------------------------------------------
Detailed RTL Component Info : 
---------------------------------------------------------------------------------
Finished RTL Component Statistics 
---------------------------------------------------------------------------------
---------------------------------------------------------------------------------
Start RTL Hierarchical Component Statistics 
---------------------------------------------------------------------------------
Hierarchical RTL Component report 
---------------------------------------------------------------------------------
Finished RTL Hierarchical Component Statistics
---------------------------------------------------------------------------------
---------------------------------------------------------------------------------
Start Part Resource Summary
---------------------------------------------------------------------------------
Part Resources:
DSPs: 240 (col length:80)
BRAMs: 270 (col length: RAMB18 80 RAMB36 40)
---------------------------------------------------------------------------------
Finished Part Resource Summary
---------------------------------------------------------------------------------
---------------------------------------------------------------------------------
Start Cross Boundary and Area Optimization
---------------------------------------------------------------------------------
Warning: Parallel synthesis criteria is not met 
WARNING: [Synth 8-3331] design hw_block_ddr_microblaze_0_axi_periph_0 has unconnected port M00_ACLK
WARNING: [Synth 8-3331] design hw_block_ddr_microblaze_0_axi_periph_0 has unconnected port M00_ARESETN
WARNING: [Synth 8-3331] design hw_block_ddr_microblaze_0_axi_periph_0 has unconnected port M02_ACLK
WARNING: [Synth 8-3331] design hw_block_ddr_microblaze_0_axi_periph_0 has unconnected port M02_ARESETN
WARNING: [Synth 8-3331] design hw_block_ddr_microblaze_0_axi_periph_0 has unconnected port M03_ACLK
WARNING: [Synth 8-3331] design hw_block_ddr_microblaze_0_axi_periph_0 has unconnected port M03_ARESETN
---------------------------------------------------------------------------------
Finished Cross Boundary and Area Optimization : Time (s): cpu = 00:00:04 ; elapsed = 00:00:05 . Memory (MB): peak = 2107.156 ; gain = 482.469 ; free physical = 17679 ; free virtual = 38668
---------------------------------------------------------------------------------

Report RTL Partitions: 
+-+--------------+------------+----------+
| |RTL Partition |Replication |Instances |
+-+--------------+------------+----------+
+-+--------------+------------+----------+
---------------------------------------------------------------------------------
Start Applying XDC Timing Constraints
---------------------------------------------------------------------------------
INFO: [Synth 8-5578] Moved timing constraint from pin 'hw_block_ddr_i/microblaze_0_local_memory/dlmb_bram_if_cntlr/BRAM_Clk_A' to pin 'hw_block_ddr_i/microblaze_0_local_memory/dlmb_bram_if_cntlr/bbstub_BRAM_Clk_A/O'
INFO: [Synth 8-5578] Moved timing constraint from pin 'hw_block_ddr_i/microblaze_0_local_memory/ilmb_bram_if_cntlr/BRAM_Clk_A' to pin 'hw_block_ddr_i/microblaze_0_local_memory/ilmb_bram_if_cntlr/bbstub_BRAM_Clk_A/O'
INFO: [Synth 8-5578] Moved timing constraint from pin 'hw_block_ddr_i/mdm_1/Dbg_Clk_0' to pin 'hw_block_ddr_i/mdm_1/bbstub_Dbg_Clk_0/O'
INFO: [Synth 8-5578] Moved timing constraint from pin 'hw_block_ddr_i/mdm_1/Dbg_Update_0' to pin 'hw_block_ddr_i/mdm_1/bbstub_Dbg_Update_0/O'
INFO: [Synth 8-5578] Moved timing constraint from pin 'hw_block_ddr_i/clk_wiz_1/clk_out1' to pin 'hw_block_ddr_i/clk_wiz_1/bbstub_clk_out1/O'
INFO: [Synth 8-5578] Moved timing constraint from pin 'hw_block_ddr_i/clk_wiz_1/clk_out2' to pin 'hw_block_ddr_i/clk_wiz_1/bbstub_clk_out2/O'
INFO: [Synth 8-5578] Moved timing constraint from pin 'hw_block_ddr_i/mig_7series_0/ui_addn_clk_0' to pin 'hw_block_ddr_i/mig_7series_0/bbstub_ui_addn_clk_0/O'
INFO: [Synth 8-5578] Moved timing constraint from pin 'hw_block_ddr_i/mig_7series_0/ui_addn_clk_1' to pin 'hw_block_ddr_i/mig_7series_0/bbstub_ui_addn_clk_1/O'
INFO: [Synth 8-5578] Moved timing constraint from pin 'hw_block_ddr_i/mig_7series_0/ui_addn_clk_2' to pin 'hw_block_ddr_i/mig_7series_0/bbstub_ui_addn_clk_2/O'
INFO: [Synth 8-5578] Moved timing constraint from pin 'hw_block_ddr_i/mig_7series_0/ui_addn_clk_3' to pin 'hw_block_ddr_i/mig_7series_0/bbstub_ui_addn_clk_3/O'
INFO: [Synth 8-5578] Moved timing constraint from pin 'hw_block_ddr_i/mig_7series_0/ui_addn_clk_4' to pin 'hw_block_ddr_i/mig_7series_0/bbstub_ui_addn_clk_4/O'
INFO: [Synth 8-5578] Moved timing constraint from pin 'hw_block_ddr_i/mig_7series_0/ui_clk' to pin 'hw_block_ddr_i/mig_7series_0/bbstub_ui_clk/O'
INFO: [Synth 8-5819] Moved 12 constraints on hierarchical pins to their respective driving/loading pins
---------------------------------------------------------------------------------
Finished Applying XDC Timing Constraints : Time (s): cpu = 00:00:06 ; elapsed = 00:00:07 . Memory (MB): peak = 2107.156 ; gain = 482.469 ; free physical = 17554 ; free virtual = 38543
---------------------------------------------------------------------------------
---------------------------------------------------------------------------------
Start Timing Optimization
---------------------------------------------------------------------------------
---------------------------------------------------------------------------------
Finished Timing Optimization : Time (s): cpu = 00:00:06 ; elapsed = 00:00:07 . Memory (MB): peak = 2107.156 ; gain = 482.469 ; free physical = 17554 ; free virtual = 38543
---------------------------------------------------------------------------------

Report RTL Partitions: 
+-+--------------+------------+----------+
| |RTL Partition |Replication |Instances |
+-+--------------+------------+----------+
+-+--------------+------------+----------+
---------------------------------------------------------------------------------
Start Technology Mapping
---------------------------------------------------------------------------------
---------------------------------------------------------------------------------
Finished Technology Mapping : Time (s): cpu = 00:00:06 ; elapsed = 00:00:07 . Memory (MB): peak = 2107.156 ; gain = 482.469 ; free physical = 17554 ; free virtual = 38543
---------------------------------------------------------------------------------

Report RTL Partitions: 
+-+--------------+------------+----------+
| |RTL Partition |Replication |Instances |
+-+--------------+------------+----------+
+-+--------------+------------+----------+
---------------------------------------------------------------------------------
Start IO Insertion
---------------------------------------------------------------------------------
---------------------------------------------------------------------------------
Start Flattening Before IO Insertion
---------------------------------------------------------------------------------
---------------------------------------------------------------------------------
Finished Flattening Before IO Insertion
---------------------------------------------------------------------------------
---------------------------------------------------------------------------------
Start Final Netlist Cleanup
---------------------------------------------------------------------------------
---------------------------------------------------------------------------------
Finished Final Netlist Cleanup
---------------------------------------------------------------------------------
---------------------------------------------------------------------------------
Finished IO Insertion : Time (s): cpu = 00:00:06 ; elapsed = 00:00:07 . Memory (MB): peak = 2107.156 ; gain = 482.469 ; free physical = 17554 ; free virtual = 38543
---------------------------------------------------------------------------------

Report Check Netlist: 
+------+------------------+-------+---------+-------+------------------+
|      |Item              |Errors |Warnings |Status |Description       |
+------+------------------+-------+---------+-------+------------------+
|1     |multi_driven_nets |      0|        0|Passed |Multi driven nets |
+------+------------------+-------+---------+-------+------------------+
---------------------------------------------------------------------------------
Start Renaming Generated Instances
---------------------------------------------------------------------------------
---------------------------------------------------------------------------------
Finished Renaming Generated Instances : Time (s): cpu = 00:00:06 ; elapsed = 00:00:07 . Memory (MB): peak = 2107.156 ; gain = 482.469 ; free physical = 17554 ; free virtual = 38543
---------------------------------------------------------------------------------

Report RTL Partitions: 
+-+--------------+------------+----------+
| |RTL Partition |Replication |Instances |
+-+--------------+------------+----------+
+-+--------------+------------+----------+
---------------------------------------------------------------------------------
Start Rebuilding User Hierarchy
---------------------------------------------------------------------------------
---------------------------------------------------------------------------------
Finished Rebuilding User Hierarchy : Time (s): cpu = 00:00:06 ; elapsed = 00:00:07 . Memory (MB): peak = 2107.156 ; gain = 482.469 ; free physical = 17553 ; free virtual = 38542
---------------------------------------------------------------------------------
---------------------------------------------------------------------------------
Start Renaming Generated Ports
---------------------------------------------------------------------------------
---------------------------------------------------------------------------------
Finished Renaming Generated Ports : Time (s): cpu = 00:00:06 ; elapsed = 00:00:07 . Memory (MB): peak = 2107.156 ; gain = 482.469 ; free physical = 17553 ; free virtual = 38542
---------------------------------------------------------------------------------
---------------------------------------------------------------------------------
Start Handling Custom Attributes
---------------------------------------------------------------------------------
---------------------------------------------------------------------------------
Finished Handling Custom Attributes : Time (s): cpu = 00:00:06 ; elapsed = 00:00:07 . Memory (MB): peak = 2107.156 ; gain = 482.469 ; free physical = 17553 ; free virtual = 38542
---------------------------------------------------------------------------------
---------------------------------------------------------------------------------
Start Renaming Generated Nets
---------------------------------------------------------------------------------
---------------------------------------------------------------------------------
Finished Renaming Generated Nets : Time (s): cpu = 00:00:06 ; elapsed = 00:00:07 . Memory (MB): peak = 2107.156 ; gain = 482.469 ; free physical = 17553 ; free virtual = 38542
---------------------------------------------------------------------------------
---------------------------------------------------------------------------------
Start Writing Synthesis Report
---------------------------------------------------------------------------------

Report BlackBoxes: 
+------+-------------------------------------+----------+
|      |BlackBox name                        |Instances |
+------+-------------------------------------+----------+
|1     |hw_block_ddr_xbar_0                  |         1|
|2     |hw_block_ddr_auto_ds_0               |         1|
|3     |hw_block_ddr_auto_cc_0               |         1|
|4     |hw_block_ddr_auto_pc_0               |         1|
|5     |hw_block_ddr_auto_ds_1               |         1|
|6     |hw_block_ddr_auto_ds_2               |         1|
|7     |hw_block_ddr_auto_us_0               |         1|
|8     |hw_block_ddr_axi_uartlite_0_0        |         1|
|9     |hw_block_ddr_clk_wiz_1_0             |         1|
|10    |hw_block_ddr_mdm_1_0                 |         1|
|11    |hw_block_ddr_microblaze_0_0          |         1|
|12    |hw_block_ddr_microblaze_0_axi_intc_0 |         1|
|13    |hw_block_ddr_mig_7series_0_0         |         1|
|14    |hw_block_ddr_reg_32ip_0_1            |         1|
|15    |hw_block_ddr_rst_clk_wiz_1_100M_0    |         1|
|16    |hw_block_ddr_rst_mig_7series_0_81M_0 |         1|
|17    |hw_block_ddr_dlmb_bram_if_cntlr_0    |         1|
|18    |hw_block_ddr_dlmb_v10_0              |         1|
|19    |hw_block_ddr_ilmb_bram_if_cntlr_0    |         1|
|20    |hw_block_ddr_ilmb_v10_0              |         1|
|21    |hw_block_ddr_lmb_bram_0              |         1|
+------+-------------------------------------+----------+

Report Cell Usage: 
+------+-------------------------------------+------+
|      |Cell                                 |Count |
+------+-------------------------------------+------+
|1     |hw_block_ddr_auto_cc_0               |     1|
|2     |hw_block_ddr_auto_ds_0               |     1|
|3     |hw_block_ddr_auto_ds_1               |     1|
|4     |hw_block_ddr_auto_ds_2               |     1|
|5     |hw_block_ddr_auto_pc_0               |     1|
|6     |hw_block_ddr_auto_us_0               |     1|
|7     |hw_block_ddr_axi_uartlite_0_0        |     1|
|8     |hw_block_ddr_clk_wiz_1_0             |     1|
|9     |hw_block_ddr_dlmb_bram_if_cntlr_0    |     1|
|10    |hw_block_ddr_dlmb_v10_0              |     1|
|11    |hw_block_ddr_ilmb_bram_if_cntlr_0    |     1|
|12    |hw_block_ddr_ilmb_v10_0              |     1|
|13    |hw_block_ddr_lmb_bram_0              |     1|
|14    |hw_block_ddr_mdm_1_0                 |     1|
|15    |hw_block_ddr_microblaze_0_0          |     1|
|16    |hw_block_ddr_microblaze_0_axi_intc_0 |     1|
|17    |hw_block_ddr_mig_7series_0_0         |     1|
|18    |hw_block_ddr_reg_32ip_0_1            |     1|
|19    |hw_block_ddr_rst_clk_wiz_1_100M_0    |     1|
|20    |hw_block_ddr_rst_mig_7series_0_81M_0 |     1|
|21    |hw_block_ddr_xbar_0                  |     1|
|22    |IBUF                                 |     2|
|23    |OBUF                                 |     1|
+------+-------------------------------------+------+

Report Instance Areas: 
+------+------------------------------+---------------------------------------+------+
|      |Instance                      |Module                                 |Cells |
+------+------------------------------+---------------------------------------+------+
|1     |top                           |                                       |  2893|
|2     |  hw_block_ddr_i              |hw_block_ddr                           |  2890|
|3     |    microblaze_0_axi_periph   |hw_block_ddr_microblaze_0_axi_periph_0 |  1874|
|4     |      m00_couplers            |m00_couplers_imp_1S4FMZE               |   184|
|5     |      m01_couplers            |m01_couplers_imp_1UN9UQI               |   473|
|6     |      m02_couplers            |m02_couplers_imp_1JUMXZU               |   184|
|7     |      m03_couplers            |m03_couplers_imp_1PPBKUY               |   184|
|8     |      s00_couplers            |s00_couplers_imp_1XFQSW9               |   188|
|9     |    microblaze_0_xlconcat     |hw_block_ddr_microblaze_0_xlconcat_0   |     0|
|10    |    microblaze_0_local_memory |microblaze_0_local_memory_imp_65KL11   |   496|
+------+------------------------------+---------------------------------------+------+
---------------------------------------------------------------------------------
Finished Writing Synthesis Report : Time (s): cpu = 00:00:06 ; elapsed = 00:00:07 . Memory (MB): peak = 2107.156 ; gain = 482.469 ; free physical = 17553 ; free virtual = 38542
---------------------------------------------------------------------------------
Synthesis finished with 0 errors, 0 critical warnings and 6 warnings.
Synthesis Optimization Runtime : Time (s): cpu = 00:00:05 ; elapsed = 00:00:05 . Memory (MB): peak = 2107.156 ; gain = 131.617 ; free physical = 17608 ; free virtual = 38597
Synthesis Optimization Complete : Time (s): cpu = 00:00:06 ; elapsed = 00:00:07 . Memory (MB): peak = 2107.156 ; gain = 482.469 ; free physical = 17608 ; free virtual = 38597
INFO: [Project 1-571] Translating synthesized netlist
INFO: [Project 1-570] Preparing netlist for logic optimization
INFO: [Opt 31-138] Pushed 0 inverter(s) to 0 load pin(s).
Netlist sorting complete. Time (s): cpu = 00:00:00 ; elapsed = 00:00:00 . Memory (MB): peak = 2107.156 ; gain = 0.000 ; free physical = 17548 ; free virtual = 38537
INFO: [Project 1-111] Unisim Transformation Summary:
No Unisim elements were transformed.

INFO: [Common 17-83] Releasing license: Synthesis
89 Infos, 65 Warnings, 0 Critical Warnings and 0 Errors encountered.
synth_design completed successfully
synth_design: Time (s): cpu = 00:00:07 ; elapsed = 00:00:08 . Memory (MB): peak = 2107.156 ; gain = 482.602 ; free physical = 17596 ; free virtual = 38586
Netlist sorting complete. Time (s): cpu = 00:00:00 ; elapsed = 00:00:00 . Memory (MB): peak = 2107.156 ; gain = 0.000 ; free physical = 17596 ; free virtual = 38586
WARNING: [Constraints 18-5210] No constraints selected for write.
Resolution: This message can indicate that there are no constraints for the design, or it can indicate that the used_in flags are set such that the constraints are ignored. This later case is used when running synth_design to not write synthesis constraints to the resulting checkpoint. Instead, project constraints are read when the synthesized design is opened.
INFO: [Common 17-1381] The checkpoint '/home/vlsiuser/phase2/week12/week12.runs/synth_1/hw_block_ddr_wrapper.dcp' has been generated.
INFO: [runtcl-4] Executing : report_utilization -file hw_block_ddr_wrapper_utilization_synth.rpt -pb hw_block_ddr_wrapper_utilization_synth.pb
INFO: [Common 17-206] Exiting Vivado at Mon Feb 23 11:36:28 2026...
