
*** Running vivado
    with args -log hw_block_ddr_reg_32ip_0_1.vds -m64 -product Vivado -mode batch -messageDb vivado.pb -notrace -source hw_block_ddr_reg_32ip_0_1.tcl


****** Vivado v2018.3 (64-bit)
  **** SW Build 2405991 on Thu Dec  6 23:36:41 MST 2018
  **** IP Build 2404404 on Fri Dec  7 01:43:56 MST 2018
    ** Copyright 1986-2018 Xilinx, Inc. All Rights Reserved.

source hw_block_ddr_reg_32ip_0_1.tcl -notrace
INFO: [IP_Flow 19-234] Refreshing IP repositories
INFO: [IP_Flow 19-1700] Loaded user IP repository '/home/vlsiuser/phase2/week11/reg_ip/ip_repo'.
INFO: [IP_Flow 19-2313] Loaded Vivado IP repository '/home/vlsiuser/SMDP/Xilinx/Vivado/2018.3/data/ip'.
Command: synth_design -top hw_block_ddr_reg_32ip_0_1 -part xc7a100tcsg324-1 -mode out_of_context
Starting synth_design
Attempting to get a license for feature 'Synthesis' and/or device 'xc7a100t'
INFO: [Common 17-349] Got license for feature 'Synthesis' and/or device 'xc7a100t'
INFO: Launching helper process for spawning children vivado processes
INFO: Helper process launched with PID 73825 
---------------------------------------------------------------------------------
Starting RTL Elaboration : Time (s): cpu = 00:00:01 ; elapsed = 00:00:02 . Memory (MB): peak = 1664.484 ; gain = 85.867 ; free physical = 11691 ; free virtual = 32644
---------------------------------------------------------------------------------
INFO: [Synth 8-6157] synthesizing module 'hw_block_ddr_reg_32ip_0_1' [/home/vlsiuser/phase2/week12/week12.srcs/sources_1/bd/hw_block_ddr/ip/hw_block_ddr_reg_32ip_0_1/synth/hw_block_ddr_reg_32ip_0_1.v:56]
INFO: [Synth 8-6157] synthesizing module 'reg_32ip_v1_0' [/home/vlsiuser/phase2/week12/week12.srcs/sources_1/bd/hw_block_ddr/ipshared/ac8e/hdl/reg_32ip_v1_0.v:4]
	Parameter C_Sreg_AXI_DATA_WIDTH bound to: 32 - type: integer 
	Parameter C_Sreg_AXI_ADDR_WIDTH bound to: 8 - type: integer 
INFO: [Synth 8-6157] synthesizing module 'reg_32ip_v1_0_Sreg_AXI' [/home/vlsiuser/phase2/week12/week12.srcs/sources_1/bd/hw_block_ddr/ipshared/ac8e/hdl/reg_32ip_v1_0_Sreg_AXI.v:4]
	Parameter C_S_AXI_DATA_WIDTH bound to: 32 - type: integer 
	Parameter C_S_AXI_ADDR_WIDTH bound to: 8 - type: integer 
	Parameter ADDR_LSB bound to: 2 - type: integer 
	Parameter OPT_MEM_ADDR_BITS bound to: 5 - type: integer 
WARNING: [Synth 8-4446] all outputs are unconnected for this instance and logic may be removed [/home/vlsiuser/phase2/week12/week12.srcs/sources_1/bd/hw_block_ddr/ipshared/ac8e/hdl/reg_32ip_v1_0_Sreg_AXI.v:720]
INFO: [Synth 8-6157] synthesizing module 'reg_32' [/home/vlsiuser/phase2/week12/week12.srcs/sources_1/bd/hw_block_ddr/ipshared/ac8e/src/regs.v:2]
INFO: [Synth 8-6155] done synthesizing module 'reg_32' (1#1) [/home/vlsiuser/phase2/week12/week12.srcs/sources_1/bd/hw_block_ddr/ipshared/ac8e/src/regs.v:2]
INFO: [Synth 8-6155] done synthesizing module 'reg_32ip_v1_0_Sreg_AXI' (2#1) [/home/vlsiuser/phase2/week12/week12.srcs/sources_1/bd/hw_block_ddr/ipshared/ac8e/hdl/reg_32ip_v1_0_Sreg_AXI.v:4]
INFO: [Synth 8-6155] done synthesizing module 'reg_32ip_v1_0' (3#1) [/home/vlsiuser/phase2/week12/week12.srcs/sources_1/bd/hw_block_ddr/ipshared/ac8e/hdl/reg_32ip_v1_0.v:4]
INFO: [Synth 8-6155] done synthesizing module 'hw_block_ddr_reg_32ip_0_1' (4#1) [/home/vlsiuser/phase2/week12/week12.srcs/sources_1/bd/hw_block_ddr/ip/hw_block_ddr_reg_32ip_0_1/synth/hw_block_ddr_reg_32ip_0_1.v:56]
WARNING: [Synth 8-3331] design reg_32 has unconnected port S_AXI_ACLK
WARNING: [Synth 8-3331] design reg_32 has unconnected port S_AXI_ARESETN
WARNING: [Synth 8-3331] design reg_32 has unconnected port slv_reg_wren
WARNING: [Synth 8-3331] design reg_32 has unconnected port axi_awaddr[6]
WARNING: [Synth 8-3331] design reg_32 has unconnected port axi_awaddr[5]
WARNING: [Synth 8-3331] design reg_32 has unconnected port axi_awaddr[4]
WARNING: [Synth 8-3331] design reg_32 has unconnected port axi_awaddr[3]
WARNING: [Synth 8-3331] design reg_32 has unconnected port axi_awaddr[2]
WARNING: [Synth 8-3331] design reg_32 has unconnected port axi_awaddr[1]
WARNING: [Synth 8-3331] design reg_32 has unconnected port axi_awaddr[0]
WARNING: [Synth 8-3331] design reg_32 has unconnected port S_AXI_WDATA[31]
WARNING: [Synth 8-3331] design reg_32 has unconnected port S_AXI_WDATA[30]
WARNING: [Synth 8-3331] design reg_32 has unconnected port S_AXI_WDATA[29]
WARNING: [Synth 8-3331] design reg_32 has unconnected port S_AXI_WDATA[28]
WARNING: [Synth 8-3331] design reg_32 has unconnected port S_AXI_WDATA[27]
WARNING: [Synth 8-3331] design reg_32 has unconnected port S_AXI_WDATA[26]
WARNING: [Synth 8-3331] design reg_32 has unconnected port S_AXI_WDATA[25]
WARNING: [Synth 8-3331] design reg_32 has unconnected port S_AXI_WDATA[24]
WARNING: [Synth 8-3331] design reg_32 has unconnected port S_AXI_WDATA[23]
WARNING: [Synth 8-3331] design reg_32 has unconnected port S_AXI_WDATA[22]
WARNING: [Synth 8-3331] design reg_32 has unconnected port S_AXI_WDATA[21]
WARNING: [Synth 8-3331] design reg_32 has unconnected port S_AXI_WDATA[20]
WARNING: [Synth 8-3331] design reg_32 has unconnected port S_AXI_WDATA[19]
WARNING: [Synth 8-3331] design reg_32 has unconnected port S_AXI_WDATA[18]
WARNING: [Synth 8-3331] design reg_32 has unconnected port S_AXI_WDATA[17]
WARNING: [Synth 8-3331] design reg_32 has unconnected port S_AXI_WDATA[16]
WARNING: [Synth 8-3331] design reg_32 has unconnected port S_AXI_WDATA[15]
WARNING: [Synth 8-3331] design reg_32 has unconnected port S_AXI_WDATA[14]
WARNING: [Synth 8-3331] design reg_32 has unconnected port S_AXI_WDATA[13]
WARNING: [Synth 8-3331] design reg_32 has unconnected port S_AXI_WDATA[12]
WARNING: [Synth 8-3331] design reg_32 has unconnected port S_AXI_WDATA[11]
WARNING: [Synth 8-3331] design reg_32 has unconnected port S_AXI_WDATA[10]
WARNING: [Synth 8-3331] design reg_32 has unconnected port S_AXI_WDATA[9]
WARNING: [Synth 8-3331] design reg_32 has unconnected port S_AXI_WDATA[8]
WARNING: [Synth 8-3331] design reg_32 has unconnected port S_AXI_WDATA[7]
WARNING: [Synth 8-3331] design reg_32 has unconnected port S_AXI_WDATA[6]
WARNING: [Synth 8-3331] design reg_32 has unconnected port S_AXI_WDATA[5]
WARNING: [Synth 8-3331] design reg_32 has unconnected port S_AXI_WDATA[4]
WARNING: [Synth 8-3331] design reg_32 has unconnected port S_AXI_WDATA[3]
WARNING: [Synth 8-3331] design reg_32 has unconnected port S_AXI_WDATA[2]
WARNING: [Synth 8-3331] design reg_32 has unconnected port S_AXI_WDATA[1]
WARNING: [Synth 8-3331] design reg_32 has unconnected port S_AXI_WDATA[0]
WARNING: [Synth 8-3331] design reg_32ip_v1_0_Sreg_AXI has unconnected port S_AXI_AWPROT[2]
WARNING: [Synth 8-3331] design reg_32ip_v1_0_Sreg_AXI has unconnected port S_AXI_AWPROT[1]
WARNING: [Synth 8-3331] design reg_32ip_v1_0_Sreg_AXI has unconnected port S_AXI_AWPROT[0]
WARNING: [Synth 8-3331] design reg_32ip_v1_0_Sreg_AXI has unconnected port S_AXI_ARPROT[2]
WARNING: [Synth 8-3331] design reg_32ip_v1_0_Sreg_AXI has unconnected port S_AXI_ARPROT[1]
WARNING: [Synth 8-3331] design reg_32ip_v1_0_Sreg_AXI has unconnected port S_AXI_ARPROT[0]
---------------------------------------------------------------------------------
Finished RTL Elaboration : Time (s): cpu = 00:00:02 ; elapsed = 00:00:03 . Memory (MB): peak = 1715.234 ; gain = 136.617 ; free physical = 11973 ; free virtual = 32919
---------------------------------------------------------------------------------

Report Check Netlist: 
+------+------------------+-------+---------+-------+------------------+
|      |Item              |Errors |Warnings |Status |Description       |
+------+------------------+-------+---------+-------+------------------+
|1     |multi_driven_nets |      0|        0|Passed |Multi driven nets |
+------+------------------+-------+---------+-------+------------------+
---------------------------------------------------------------------------------
Start Handling Custom Attributes
---------------------------------------------------------------------------------
---------------------------------------------------------------------------------
Finished Handling Custom Attributes : Time (s): cpu = 00:00:02 ; elapsed = 00:00:03 . Memory (MB): peak = 1715.234 ; gain = 136.617 ; free physical = 11960 ; free virtual = 32906
---------------------------------------------------------------------------------
---------------------------------------------------------------------------------
Finished RTL Optimization Phase 1 : Time (s): cpu = 00:00:02 ; elapsed = 00:00:03 . Memory (MB): peak = 1715.234 ; gain = 136.617 ; free physical = 11961 ; free virtual = 32906
---------------------------------------------------------------------------------
INFO: [Device 21-403] Loading part xc7a100tcsg324-1
INFO: [Project 1-570] Preparing netlist for logic optimization

Processing XDC Constraints
Initializing timing engine
Completed Processing XDC Constraints

Netlist sorting complete. Time (s): cpu = 00:00:00.01 ; elapsed = 00:00:00 . Memory (MB): peak = 2076.109 ; gain = 0.000 ; free physical = 11243 ; free virtual = 32199
INFO: [Project 1-111] Unisim Transformation Summary:
No Unisim elements were transformed.

Netlist sorting complete. Time (s): cpu = 00:00:00 ; elapsed = 00:00:00 . Memory (MB): peak = 2076.109 ; gain = 0.000 ; free physical = 11243 ; free virtual = 32198
WARNING: [Constraints 18-5210] No constraints selected for write.
Resolution: This message can indicate that there are no constraints for the design, or it can indicate that the used_in flags are set such that the constraints are ignored. This later case is used when running synth_design to not write synthesis constraints to the resulting checkpoint. Instead, project constraints are read when the synthesized design is opened.
Constraint Validation Runtime : Time (s): cpu = 00:00:00.08 ; elapsed = 00:00:00.09 . Memory (MB): peak = 2078.109 ; gain = 2.000 ; free physical = 11211 ; free virtual = 32167
---------------------------------------------------------------------------------
Finished Constraint Validation : Time (s): cpu = 00:00:06 ; elapsed = 00:00:07 . Memory (MB): peak = 2078.109 ; gain = 499.492 ; free physical = 11507 ; free virtual = 32460
---------------------------------------------------------------------------------
---------------------------------------------------------------------------------
Start Loading Part and Timing Information
---------------------------------------------------------------------------------
Loading part: xc7a100tcsg324-1
---------------------------------------------------------------------------------
Finished Loading Part and Timing Information : Time (s): cpu = 00:00:06 ; elapsed = 00:00:07 . Memory (MB): peak = 2078.109 ; gain = 499.492 ; free physical = 11506 ; free virtual = 32460
---------------------------------------------------------------------------------
---------------------------------------------------------------------------------
Start Applying 'set_property' XDC Constraints
---------------------------------------------------------------------------------
---------------------------------------------------------------------------------
Finished applying 'set_property' XDC Constraints : Time (s): cpu = 00:00:06 ; elapsed = 00:00:07 . Memory (MB): peak = 2078.109 ; gain = 499.492 ; free physical = 11508 ; free virtual = 32461
---------------------------------------------------------------------------------
---------------------------------------------------------------------------------
Finished RTL Optimization Phase 2 : Time (s): cpu = 00:00:06 ; elapsed = 00:00:08 . Memory (MB): peak = 2078.109 ; gain = 499.492 ; free physical = 11187 ; free virtual = 32155
---------------------------------------------------------------------------------

Report RTL Partitions: 
+-+--------------+------------+----------+
| |RTL Partition |Replication |Instances |
+-+--------------+------------+----------+
+-+--------------+------------+----------+
---------------------------------------------------------------------------------
Start RTL Component Statistics 
---------------------------------------------------------------------------------
Detailed RTL Component Info : 
+---Registers : 
	               32 Bit    Registers := 34    
	                8 Bit    Registers := 2     
	                2 Bit    Registers := 2     
	                1 Bit    Registers := 6     
+---Muxes : 
	   2 Input     32 Bit        Muxes := 33    
	   2 Input      1 Bit        Muxes := 5     
---------------------------------------------------------------------------------
Finished RTL Component Statistics 
---------------------------------------------------------------------------------
---------------------------------------------------------------------------------
Start RTL Hierarchical Component Statistics 
---------------------------------------------------------------------------------
Hierarchical RTL Component report 
Module reg_32ip_v1_0_Sreg_AXI 
Detailed RTL Component Info : 
+---Registers : 
	               32 Bit    Registers := 34    
	                8 Bit    Registers := 2     
	                2 Bit    Registers := 2     
	                1 Bit    Registers := 6     
+---Muxes : 
	   2 Input     32 Bit        Muxes := 33    
	   2 Input      1 Bit        Muxes := 5     
---------------------------------------------------------------------------------
Finished RTL Hierarchical Component Statistics
---------------------------------------------------------------------------------
---------------------------------------------------------------------------------
Start Part Resource Summary
---------------------------------------------------------------------------------
Part Resources:
DSPs: 240 (col length:80)
BRAMs: 270 (col length: RAMB18 80 RAMB36 40)
---------------------------------------------------------------------------------
Finished Part Resource Summary
---------------------------------------------------------------------------------
---------------------------------------------------------------------------------
Start Cross Boundary and Area Optimization
---------------------------------------------------------------------------------
Warning: Parallel synthesis criteria is not met 
WARNING: [Synth 8-3331] design reg_32ip_v1_0_Sreg_AXI has unconnected port S_AXI_AWPROT[2]
WARNING: [Synth 8-3331] design reg_32ip_v1_0_Sreg_AXI has unconnected port S_AXI_AWPROT[1]
WARNING: [Synth 8-3331] design reg_32ip_v1_0_Sreg_AXI has unconnected port S_AXI_AWPROT[0]
WARNING: [Synth 8-3331] design reg_32ip_v1_0_Sreg_AXI has unconnected port S_AXI_ARPROT[2]
WARNING: [Synth 8-3331] design reg_32ip_v1_0_Sreg_AXI has unconnected port S_AXI_ARPROT[1]
WARNING: [Synth 8-3331] design reg_32ip_v1_0_Sreg_AXI has unconnected port S_AXI_ARPROT[0]
INFO: [Synth 8-3886] merging instance 'inst/reg_32ip_v1_0_Sreg_AXI_inst/axi_rresp_reg[0]' (FDRE) to 'inst/reg_32ip_v1_0_Sreg_AXI_inst/axi_rresp_reg[1]'
INFO: [Synth 8-3333] propagating constant 0 across sequential element (\inst/reg_32ip_v1_0_Sreg_AXI_inst /\axi_rresp_reg[1] )
INFO: [Synth 8-3886] merging instance 'inst/reg_32ip_v1_0_Sreg_AXI_inst/axi_bresp_reg[0]' (FDRE) to 'inst/reg_32ip_v1_0_Sreg_AXI_inst/axi_bresp_reg[1]'
INFO: [Synth 8-3333] propagating constant 0 across sequential element (\inst/reg_32ip_v1_0_Sreg_AXI_inst /\axi_bresp_reg[1] )
---------------------------------------------------------------------------------
Finished Cross Boundary and Area Optimization : Time (s): cpu = 00:00:10 ; elapsed = 00:00:12 . Memory (MB): peak = 2078.109 ; gain = 499.492 ; free physical = 11871 ; free virtual = 32855
---------------------------------------------------------------------------------

Report RTL Partitions: 
+-+--------------+------------+----------+
| |RTL Partition |Replication |Instances |
+-+--------------+------------+----------+
+-+--------------+------------+----------+
---------------------------------------------------------------------------------
Start Applying XDC Timing Constraints
---------------------------------------------------------------------------------
---------------------------------------------------------------------------------
Finished Applying XDC Timing Constraints : Time (s): cpu = 00:00:13 ; elapsed = 00:00:15 . Memory (MB): peak = 2078.109 ; gain = 499.492 ; free physical = 14129 ; free virtual = 35116
---------------------------------------------------------------------------------
---------------------------------------------------------------------------------
Start Timing Optimization
---------------------------------------------------------------------------------
---------------------------------------------------------------------------------
Finished Timing Optimization : Time (s): cpu = 00:00:13 ; elapsed = 00:00:15 . Memory (MB): peak = 2078.109 ; gain = 499.492 ; free physical = 14129 ; free virtual = 35116
---------------------------------------------------------------------------------

Report RTL Partitions: 
+-+--------------+------------+----------+
| |RTL Partition |Replication |Instances |
+-+--------------+------------+----------+
+-+--------------+------------+----------+
---------------------------------------------------------------------------------
Start Technology Mapping
---------------------------------------------------------------------------------
---------------------------------------------------------------------------------
Finished Technology Mapping : Time (s): cpu = 00:00:14 ; elapsed = 00:00:16 . Memory (MB): peak = 2078.109 ; gain = 499.492 ; free physical = 14134 ; free virtual = 35114
---------------------------------------------------------------------------------

Report RTL Partitions: 
+-+--------------+------------+----------+
| |RTL Partition |Replication |Instances |
+-+--------------+------------+----------+
+-+--------------+------------+----------+
---------------------------------------------------------------------------------
Start IO Insertion
---------------------------------------------------------------------------------
---------------------------------------------------------------------------------
Start Flattening Before IO Insertion
---------------------------------------------------------------------------------
---------------------------------------------------------------------------------
Finished Flattening Before IO Insertion
---------------------------------------------------------------------------------
---------------------------------------------------------------------------------
Start Final Netlist Cleanup
---------------------------------------------------------------------------------
---------------------------------------------------------------------------------
Finished Final Netlist Cleanup
---------------------------------------------------------------------------------
---------------------------------------------------------------------------------
Finished IO Insertion : Time (s): cpu = 00:00:14 ; elapsed = 00:00:16 . Memory (MB): peak = 2078.109 ; gain = 499.492 ; free physical = 14116 ; free virtual = 35100
---------------------------------------------------------------------------------

Report Check Netlist: 
+------+------------------+-------+---------+-------+------------------+
|      |Item              |Errors |Warnings |Status |Description       |
+------+------------------+-------+---------+-------+------------------+
|1     |multi_driven_nets |      0|        0|Passed |Multi driven nets |
+------+------------------+-------+---------+-------+------------------+
---------------------------------------------------------------------------------
Start Renaming Generated Instances
---------------------------------------------------------------------------------
---------------------------------------------------------------------------------
Finished Renaming Generated Instances : Time (s): cpu = 00:00:14 ; elapsed = 00:00:16 . Memory (MB): peak = 2078.109 ; gain = 499.492 ; free physical = 14112 ; free virtual = 35096
---------------------------------------------------------------------------------

Report RTL Partitions: 
+-+--------------+------------+----------+
| |RTL Partition |Replication |Instances |
+-+--------------+------------+----------+
+-+--------------+------------+----------+
---------------------------------------------------------------------------------
Start Rebuilding User Hierarchy
---------------------------------------------------------------------------------
---------------------------------------------------------------------------------
Finished Rebuilding User Hierarchy : Time (s): cpu = 00:00:14 ; elapsed = 00:00:16 . Memory (MB): peak = 2078.109 ; gain = 499.492 ; free physical = 14121 ; free virtual = 35106
---------------------------------------------------------------------------------
---------------------------------------------------------------------------------
Start Renaming Generated Ports
---------------------------------------------------------------------------------
---------------------------------------------------------------------------------
Finished Renaming Generated Ports : Time (s): cpu = 00:00:14 ; elapsed = 00:00:16 . Memory (MB): peak = 2078.109 ; gain = 499.492 ; free physical = 14121 ; free virtual = 35106
---------------------------------------------------------------------------------
---------------------------------------------------------------------------------
Start Handling Custom Attributes
---------------------------------------------------------------------------------
---------------------------------------------------------------------------------
Finished Handling Custom Attributes : Time (s): cpu = 00:00:14 ; elapsed = 00:00:16 . Memory (MB): peak = 2078.109 ; gain = 499.492 ; free physical = 14121 ; free virtual = 35106
---------------------------------------------------------------------------------
---------------------------------------------------------------------------------
Start Renaming Generated Nets
---------------------------------------------------------------------------------
---------------------------------------------------------------------------------
Finished Renaming Generated Nets : Time (s): cpu = 00:00:14 ; elapsed = 00:00:16 . Memory (MB): peak = 2078.109 ; gain = 499.492 ; free physical = 14120 ; free virtual = 35106
---------------------------------------------------------------------------------
---------------------------------------------------------------------------------
Start Writing Synthesis Report
---------------------------------------------------------------------------------

Report BlackBoxes: 
+-+--------------+----------+
| |BlackBox name |Instances |
+-+--------------+----------+
+-+--------------+----------+

Report Cell Usage: 
+------+------+------+
|      |Cell  |Count |
+------+------+------+
|1     |LUT1  |     1|
|2     |LUT2  |     1|
|3     |LUT3  |     5|
|4     |LUT4  |     4|
|5     |LUT5  |    32|
|6     |LUT6  |   424|
|7     |MUXF7 |   128|
|8     |MUXF8 |    64|
|9     |FDRE  |  1109|
|10    |FDSE  |     1|
+------+------+------+

Report Instance Areas: 
+------+--------------------------------+-----------------------+------+
|      |Instance                        |Module                 |Cells |
+------+--------------------------------+-----------------------+------+
|1     |top                             |                       |  1769|
|2     |  inst                          |reg_32ip_v1_0          |  1769|
|3     |    reg_32ip_v1_0_Sreg_AXI_inst |reg_32ip_v1_0_Sreg_AXI |  1765|
+------+--------------------------------+-----------------------+------+
---------------------------------------------------------------------------------
Finished Writing Synthesis Report : Time (s): cpu = 00:00:14 ; elapsed = 00:00:16 . Memory (MB): peak = 2078.109 ; gain = 499.492 ; free physical = 14119 ; free virtual = 35105
---------------------------------------------------------------------------------
Synthesis finished with 0 errors, 0 critical warnings and 6 warnings.
Synthesis Optimization Runtime : Time (s): cpu = 00:00:12 ; elapsed = 00:00:13 . Memory (MB): peak = 2078.109 ; gain = 136.617 ; free physical = 14166 ; free virtual = 35154
Synthesis Optimization Complete : Time (s): cpu = 00:00:14 ; elapsed = 00:00:16 . Memory (MB): peak = 2078.109 ; gain = 499.492 ; free physical = 14166 ; free virtual = 35153
INFO: [Project 1-571] Translating synthesized netlist
INFO: [Netlist 29-17] Analyzing 192 Unisim elements for replacement
INFO: [Netlist 29-28] Unisim Transformation completed in 0 CPU seconds
WARNING: [Netlist 29-101] Netlist 'hw_block_ddr_reg_32ip_0_1' is not ideal for floorplanning, since the cellview 'reg_32ip_v1_0_Sreg_AXI' contains a large number of primitives.  Please consider enabling hierarchy in synthesis if you want to do floorplanning.
INFO: [Project 1-570] Preparing netlist for logic optimization
INFO: [Opt 31-138] Pushed 0 inverter(s) to 0 load pin(s).
Netlist sorting complete. Time (s): cpu = 00:00:00 ; elapsed = 00:00:00 . Memory (MB): peak = 2078.109 ; gain = 0.000 ; free physical = 14082 ; free virtual = 35075
INFO: [Project 1-111] Unisim Transformation Summary:
No Unisim elements were transformed.

INFO: [Common 17-83] Releasing license: Synthesis
26 Infos, 57 Warnings, 0 Critical Warnings and 0 Errors encountered.
synth_design completed successfully
synth_design: Time (s): cpu = 00:00:15 ; elapsed = 00:00:17 . Memory (MB): peak = 2078.109 ; gain = 499.625 ; free physical = 14137 ; free virtual = 35130
Netlist sorting complete. Time (s): cpu = 00:00:00 ; elapsed = 00:00:00 . Memory (MB): peak = 2078.109 ; gain = 0.000 ; free physical = 14137 ; free virtual = 35130
WARNING: [Constraints 18-5210] No constraints selected for write.
Resolution: This message can indicate that there are no constraints for the design, or it can indicate that the used_in flags are set such that the constraints are ignored. This later case is used when running synth_design to not write synthesis constraints to the resulting checkpoint. Instead, project constraints are read when the synthesized design is opened.
INFO: [Common 17-1381] The checkpoint '/home/vlsiuser/phase2/week12/week12.runs/hw_block_ddr_reg_32ip_0_1_synth_1/hw_block_ddr_reg_32ip_0_1.dcp' has been generated.
INFO: [Coretcl 2-1648] Added synthesis output to IP cache for IP hw_block_ddr_reg_32ip_0_1, cache-ID = f7482c368dc25e60
INFO: [Coretcl 2-1174] Renamed 2 cell refs.
Netlist sorting complete. Time (s): cpu = 00:00:00 ; elapsed = 00:00:00 . Memory (MB): peak = 2102.121 ; gain = 0.000 ; free physical = 14139 ; free virtual = 35126
WARNING: [Constraints 18-5210] No constraints selected for write.
Resolution: This message can indicate that there are no constraints for the design, or it can indicate that the used_in flags are set such that the constraints are ignored. This later case is used when running synth_design to not write synthesis constraints to the resulting checkpoint. Instead, project constraints are read when the synthesized design is opened.
INFO: [Common 17-1381] The checkpoint '/home/vlsiuser/phase2/week12/week12.runs/hw_block_ddr_reg_32ip_0_1_synth_1/hw_block_ddr_reg_32ip_0_1.dcp' has been generated.
INFO: [runtcl-4] Executing : report_utilization -file hw_block_ddr_reg_32ip_0_1_utilization_synth.rpt -pb hw_block_ddr_reg_32ip_0_1_utilization_synth.pb
INFO: [Common 17-206] Exiting Vivado at Mon Feb 23 11:34:02 2026...
